{"C:\\Users\\Andres\\Desktop\\LMS-Exam\\backend\\src\\models\\chat.model.ts": {"path":"C:\\Users\\Andres\\Desktop\\LMS-Exam\\backend\\src\\models\\chat.model.ts","statementMap":{"0":{"start":{"line":4,"column":25},"end":{"line":92,"column":null}},"1":{"start":{"line":6,"column":4},"end":{"line":8,"column":null}},"2":{"start":{"line":12,"column":4},"end":{"line":12,"column":null}},"3":{"start":{"line":13,"column":4},"end":{"line":15,"column":null}},"4":{"start":{"line":19,"column":4},"end":{"line":21,"column":null}},"5":{"start":{"line":25,"column":16},"end":{"line":27,"column":null}},"6":{"start":{"line":28,"column":4},"end":{"line":28,"column":null}},"7":{"start":{"line":32,"column":27},"end":{"line":34,"column":null}},"8":{"start":{"line":35,"column":4},"end":{"line":48,"column":null}},"9":{"start":{"line":52,"column":4},"end":{"line":54,"column":null}},"10":{"start":{"line":58,"column":4},"end":{"line":58,"column":null}},"11":{"start":{"line":59,"column":4},"end":{"line":61,"column":null}},"12":{"start":{"line":65,"column":4},"end":{"line":65,"column":null}},"13":{"start":{"line":66,"column":4},"end":{"line":68,"column":null}},"14":{"start":{"line":72,"column":4},"end":{"line":72,"column":null}},"15":{"start":{"line":73,"column":4},"end":{"line":73,"column":null}},"16":{"start":{"line":77,"column":20},"end":{"line":79,"column":null}},"17":{"start":{"line":80,"column":4},"end":{"line":80,"column":null}},"18":{"start":{"line":80,"column":18},"end":{"line":80,"column":null}},"19":{"start":{"line":81,"column":4},"end":{"line":83,"column":null}},"20":{"start":{"line":82,"column":6},"end":{"line":82,"column":null}},"21":{"start":{"line":87,"column":16},"end":{"line":89,"column":null}},"22":{"start":{"line":90,"column":4},"end":{"line":90,"column":null}}},"fnMap":{"0":{"name":"ensureSession","decl":{"start":{"line":5,"column":2},"end":{"line":5,"column":16}},"loc":{"start":{"line":5,"column":57},"end":{"line":9,"column":null}},"line":5},"1":{"name":"saveMessage","decl":{"start":{"line":11,"column":2},"end":{"line":11,"column":14}},"loc":{"start":{"line":11,"column":135},"end":{"line":16,"column":null}},"line":11},"2":{"name":"getSessionMessages","decl":{"start":{"line":18,"column":2},"end":{"line":18,"column":21}},"loc":{"start":{"line":18,"column":66},"end":{"line":22,"column":null}},"line":18},"3":{"name":"getLastSessionId","decl":{"start":{"line":24,"column":2},"end":{"line":24,"column":19}},"loc":{"start":{"line":24,"column":50},"end":{"line":29,"column":null}},"line":24},"4":{"name":"getUserSessions","decl":{"start":{"line":31,"column":2},"end":{"line":31,"column":18}},"loc":{"start":{"line":31,"column":158},"end":{"line":49,"column":null}},"line":31},"5":{"name":"getRecentMessages","decl":{"start":{"line":51,"column":2},"end":{"line":51,"column":20}},"loc":{"start":{"line":51,"column":62},"end":{"line":55,"column":null}},"line":51},"6":{"name":"archiveSession","decl":{"start":{"line":57,"column":2},"end":{"line":57,"column":17}},"loc":{"start":{"line":57,"column":58},"end":{"line":62,"column":null}},"line":57},"7":{"name":"unarchiveSession","decl":{"start":{"line":64,"column":2},"end":{"line":64,"column":19}},"loc":{"start":{"line":64,"column":60},"end":{"line":69,"column":null}},"line":64},"8":{"name":"deleteSession","decl":{"start":{"line":71,"column":2},"end":{"line":71,"column":16}},"loc":{"start":{"line":71,"column":57},"end":{"line":74,"column":null}},"line":71},"9":{"name":"assertSessionOwnership","decl":{"start":{"line":76,"column":2},"end":{"line":76,"column":25}},"loc":{"start":{"line":76,"column":66},"end":{"line":84,"column":null}},"line":76},"10":{"name":"sessionExists","decl":{"start":{"line":86,"column":2},"end":{"line":86,"column":16}},"loc":{"start":{"line":86,"column":44},"end":{"line":91,"column":null}},"line":86}},"branchMap":{"0":{"loc":{"start":{"line":11,"column":117},"end":{"line":11,"column":135}},"type":"default-arg","locations":[{"start":{"line":11,"column":126},"end":{"line":11,"column":135}}],"line":11},"1":{"loc":{"start":{"line":18,"column":40},"end":{"line":18,"column":66}},"type":"default-arg","locations":[{"start":{"line":18,"column":48},"end":{"line":18,"column":66}}],"line":18},"2":{"loc":{"start":{"line":28,"column":11},"end":{"line":28,"column":null}},"type":"binary-expr","locations":[{"start":{"line":28,"column":11},"end":{"line":28,"column":30}},{"start":{"line":28,"column":30},"end":{"line":28,"column":null}}],"line":28},"3":{"loc":{"start":{"line":31,"column":34},"end":{"line":31,"column":158}},"type":"default-arg","locations":[{"start":{"line":31,"column":45},"end":{"line":31,"column":158}}],"line":31},"4":{"loc":{"start":{"line":32,"column":27},"end":{"line":34,"column":null}},"type":"cond-expr","locations":[{"start":{"line":33,"column":8},"end":{"line":33,"column":null}},{"start":{"line":34,"column":8},"end":{"line":34,"column":null}}],"line":32},"5":{"loc":{"start":{"line":51,"column":36},"end":{"line":51,"column":62}},"type":"default-arg","locations":[{"start":{"line":51,"column":44},"end":{"line":51,"column":62}}],"line":51},"6":{"loc":{"start":{"line":80,"column":4},"end":{"line":80,"column":null}},"type":"if","locations":[{"start":{"line":80,"column":4},"end":{"line":80,"column":null}},{"start":{},"end":{}}],"line":80},"7":{"loc":{"start":{"line":81,"column":4},"end":{"line":83,"column":null}},"type":"if","locations":[{"start":{"line":81,"column":4},"end":{"line":83,"column":null}},{"start":{},"end":{}}],"line":81}},"s":{"0":3,"1":10,"2":8,"3":8,"4":1,"5":1,"6":1,"7":0,"8":0,"9":0,"10":1,"11":1,"12":1,"13":1,"14":2,"15":2,"16":3,"17":3,"18":1,"19":2,"20":1,"21":0,"22":0},"f":{"0":10,"1":8,"2":1,"3":1,"4":0,"5":0,"6":1,"7":1,"8":2,"9":3,"10":0},"b":{"0":[8],"1":[1],"2":[1,0],"3":[0],"4":[0,0],"5":[0],"6":[1,2],"7":[1,1]},"meta":{"lastBranch":8,"lastFunction":11,"lastStatement":23,"seen":{"s:4:25:92:Infinity":0,"f:5:2:5:16":0,"s:6:4:8:Infinity":1,"f:11:2:11:14":1,"b:11:126:11:135":0,"s:12:4:12:Infinity":2,"s:13:4:15:Infinity":3,"f:18:2:18:21":2,"b:18:48:18:66":1,"s:19:4:21:Infinity":4,"f:24:2:24:19":3,"s:25:16:27:Infinity":5,"s:28:4:28:Infinity":6,"b:28:11:28:30:28:30:28:Infinity":2,"f:31:2:31:18":4,"b:31:45:31:158":3,"s:32:27:34:Infinity":7,"b:33:8:33:Infinity:34:8:34:Infinity":4,"s:35:4:48:Infinity":8,"f:51:2:51:20":5,"b:51:44:51:62":5,"s:52:4:54:Infinity":9,"f:57:2:57:17":6,"s:58:4:58:Infinity":10,"s:59:4:61:Infinity":11,"f:64:2:64:19":7,"s:65:4:65:Infinity":12,"s:66:4:68:Infinity":13,"f:71:2:71:16":8,"s:72:4:72:Infinity":14,"s:73:4:73:Infinity":15,"f:76:2:76:25":9,"s:77:20:79:Infinity":16,"b:80:4:80:Infinity:undefined:undefined:undefined:undefined":6,"s:80:4:80:Infinity":17,"s:80:18:80:Infinity":18,"b:81:4:83:Infinity:undefined:undefined:undefined:undefined":7,"s:81:4:83:Infinity":19,"s:82:6:82:Infinity":20,"f:86:2:86:16":10,"s:87:16:89:Infinity":21,"s:90:4:90:Infinity":22},"fnNames":{}}}
,"C:\\Users\\Andres\\Desktop\\LMS-Exam\\backend\\src\\models\\embedding-outbox.model.ts": {"path":"C:\\Users\\Andres\\Desktop\\LMS-Exam\\backend\\src\\models\\embedding-outbox.model.ts","statementMap":{"0":{"start":{"line":3,"column":36},"end":{"line":54,"column":null}},"1":{"start":{"line":5,"column":4},"end":{"line":7,"column":null}},"2":{"start":{"line":13,"column":16},"end":{"line":13,"column":null}},"3":{"start":{"line":14,"column":4},"end":{"line":20,"column":null}},"4":{"start":{"line":24,"column":4},"end":{"line":26,"column":null}},"5":{"start":{"line":30,"column":4},"end":{"line":32,"column":null}},"6":{"start":{"line":36,"column":16},"end":{"line":38,"column":null}},"7":{"start":{"line":39,"column":4},"end":{"line":39,"column":null}},"8":{"start":{"line":39,"column":14},"end":{"line":39,"column":null}},"9":{"start":{"line":41,"column":22},"end":{"line":41,"column":null}},"10":{"start":{"line":42,"column":20},"end":{"line":42,"column":null}},"11":{"start":{"line":43,"column":22},"end":{"line":43,"column":null}},"12":{"start":{"line":44,"column":22},"end":{"line":44,"column":null}},"13":{"start":{"line":46,"column":4},"end":{"line":48,"column":null}},"14":{"start":{"line":52,"column":4},"end":{"line":52,"column":null}}},"fnMap":{"0":{"name":"enqueue","decl":{"start":{"line":4,"column":2},"end":{"line":4,"column":10}},"loc":{"start":{"line":4,"column":121},"end":{"line":8,"column":null}},"line":4},"1":{"name":"getPending","decl":{"start":{"line":10,"column":2},"end":{"line":10,"column":13}},"loc":{"start":{"line":12,"column":5},"end":{"line":21,"column":null}},"line":12},"2":{"name":"markProcessing","decl":{"start":{"line":23,"column":2},"end":{"line":23,"column":17}},"loc":{"start":{"line":23,"column":35},"end":{"line":27,"column":null}},"line":23},"3":{"name":"markDone","decl":{"start":{"line":29,"column":2},"end":{"line":29,"column":11}},"loc":{"start":{"line":29,"column":29},"end":{"line":33,"column":null}},"line":29},"4":{"name":"markFailed","decl":{"start":{"line":35,"column":2},"end":{"line":35,"column":13}},"loc":{"start":{"line":35,"column":46},"end":{"line":49,"column":null}},"line":35},"5":{"name":"countPending","decl":{"start":{"line":51,"column":2},"end":{"line":51,"column":25}},"loc":{"start":{"line":51,"column":25},"end":{"line":53,"column":null}},"line":51}},"branchMap":{"0":{"loc":{"start":{"line":4,"column":78},"end":{"line":4,"column":121}},"type":"default-arg","locations":[{"start":{"line":4,"column":107},"end":{"line":4,"column":121}}],"line":4},"1":{"loc":{"start":{"line":10,"column":13},"end":{"line":10,"column":null}},"type":"default-arg","locations":[{"start":{"line":10,"column":21},"end":{"line":10,"column":null}}],"line":10},"2":{"loc":{"start":{"line":39,"column":4},"end":{"line":39,"column":null}},"type":"if","locations":[{"start":{"line":39,"column":4},"end":{"line":39,"column":null}},{"start":{},"end":{}}],"line":39},"3":{"loc":{"start":{"line":44,"column":22},"end":{"line":44,"column":null}},"type":"cond-expr","locations":[{"start":{"line":44,"column":34},"end":{"line":44,"column":45}},{"start":{"line":44,"column":45},"end":{"line":44,"column":null}}],"line":44}},"s":{"0":3,"1":7,"2":4,"3":4,"4":6,"5":1,"6":2,"7":2,"8":0,"9":2,"10":2,"11":2,"12":2,"13":2,"14":1},"f":{"0":7,"1":4,"2":6,"3":1,"4":2,"5":1},"b":{"0":[7],"1":[4],"2":[0,2],"3":[1,1]},"meta":{"lastBranch":4,"lastFunction":6,"lastStatement":15,"seen":{"s:3:36:54:Infinity":0,"f:4:2:4:10":0,"b:4:107:4:121":0,"s:5:4:7:Infinity":1,"f:10:2:10:13":1,"b:10:21:10:Infinity":1,"s:13:16:13:Infinity":2,"s:14:4:20:Infinity":3,"f:23:2:23:17":2,"s:24:4:26:Infinity":4,"f:29:2:29:11":3,"s:30:4:32:Infinity":5,"f:35:2:35:13":4,"s:36:16:38:Infinity":6,"b:39:4:39:Infinity:undefined:undefined:undefined:undefined":2,"s:39:4:39:Infinity":7,"s:39:14:39:Infinity":8,"s:41:22:41:Infinity":9,"s:42:20:42:Infinity":10,"s:43:22:43:Infinity":11,"s:44:22:44:Infinity":12,"b:44:34:44:45:44:45:44:Infinity":3,"s:46:4:48:Infinity":13,"f:51:2:51:25":5,"s:52:4:52:Infinity":14},"fnNames":{}}}
,"C:\\Users\\Andres\\Desktop\\LMS-Exam\\backend\\src\\models\\embedding.model.ts": {"path":"C:\\Users\\Andres\\Desktop\\LMS-Exam\\backend\\src\\models\\embedding.model.ts","statementMap":{"0":{"start":{"line":5,"column":2},"end":{"line":5,"column":null}},"1":{"start":{"line":9,"column":2},"end":{"line":9,"column":null}},"2":{"start":{"line":12,"column":30},"end":{"line":78,"column":null}},"3":{"start":{"line":14,"column":15},"end":{"line":14,"column":21}},"4":{"start":{"line":15,"column":17},"end":{"line":15,"column":null}},"5":{"start":{"line":17,"column":4},"end":{"line":25,"column":null}},"6":{"start":{"line":18,"column":6},"end":{"line":20,"column":null}},"7":{"start":{"line":22,"column":6},"end":{"line":24,"column":null}},"8":{"start":{"line":29,"column":15},"end":{"line":29,"column":21}},"9":{"start":{"line":31,"column":20},"end":{"line":38,"column":null}},"10":{"start":{"line":40,"column":4},"end":{"line":47,"column":null}},"11":{"start":{"line":41,"column":6},"end":{"line":46,"column":null}},"12":{"start":{"line":41,"column":31},"end":{"line":46,"column":8}},"13":{"start":{"line":49,"column":21},"end":{"line":56,"column":null}},"14":{"start":{"line":58,"column":4},"end":{"line":63,"column":null}},"15":{"start":{"line":58,"column":30},"end":{"line":63,"column":6}},"16":{"start":{"line":67,"column":15},"end":{"line":67,"column":21}},"17":{"start":{"line":68,"column":21},"end":{"line":70,"column":null}},"18":{"start":{"line":71,"column":4},"end":{"line":71,"column":null}},"19":{"start":{"line":71,"column":28},"end":{"line":71,"column":null}},"20":{"start":{"line":73,"column":16},"end":{"line":75,"column":null}},"21":{"start":{"line":76,"column":4},"end":{"line":76,"column":null}}},"fnMap":{"0":{"name":"vectorToBlob","decl":{"start":{"line":4,"column":9},"end":{"line":4,"column":22}},"loc":{"start":{"line":4,"column":48},"end":{"line":6,"column":null}},"line":4},"1":{"name":"blobToVector","decl":{"start":{"line":8,"column":9},"end":{"line":8,"column":22}},"loc":{"start":{"line":8,"column":45},"end":{"line":10,"column":null}},"line":8},"2":{"name":"saveEmbedding","decl":{"start":{"line":13,"column":2},"end":{"line":13,"column":16}},"loc":{"start":{"line":13,"column":122},"end":{"line":26,"column":null}},"line":13},"3":{"name":"(anonymous_3)","decl":{"start":{"line":17,"column":7},"end":{"line":17,"column":25}},"loc":{"start":{"line":17,"column":25},"end":{"line":25,"column":5}},"line":17},"4":{"name":"getUserEmbeddings","decl":{"start":{"line":28,"column":2},"end":{"line":28,"column":20}},"loc":{"start":{"line":28,"column":128},"end":{"line":64,"column":null}},"line":28},"5":{"name":"(anonymous_5)","decl":{"start":{"line":41,"column":21},"end":{"line":41,"column":25}},"loc":{"start":{"line":41,"column":31},"end":{"line":46,"column":8}},"line":41},"6":{"name":"(anonymous_6)","decl":{"start":{"line":58,"column":20},"end":{"line":58,"column":24}},"loc":{"start":{"line":58,"column":30},"end":{"line":63,"column":6}},"line":58},"7":{"name":"countByUser","decl":{"start":{"line":66,"column":2},"end":{"line":66,"column":14}},"loc":{"start":{"line":66,"column":38},"end":{"line":77,"column":null}},"line":66}},"branchMap":{"0":{"loc":{"start":{"line":28,"column":36},"end":{"line":28,"column":128}},"type":"default-arg","locations":[{"start":{"line":28,"column":44},"end":{"line":28,"column":128}}],"line":28},"1":{"loc":{"start":{"line":40,"column":4},"end":{"line":47,"column":null}},"type":"if","locations":[{"start":{"line":40,"column":4},"end":{"line":47,"column":null}},{"start":{},"end":{}}],"line":40},"2":{"loc":{"start":{"line":71,"column":4},"end":{"line":71,"column":null}},"type":"if","locations":[{"start":{"line":71,"column":4},"end":{"line":71,"column":null}},{"start":{},"end":{}}],"line":71}},"s":{"0":3,"1":1,"2":3,"3":3,"4":3,"5":3,"6":3,"7":3,"8":2,"9":2,"10":2,"11":1,"12":1,"13":1,"14":1,"15":0,"16":1,"17":1,"18":1,"19":1,"20":0,"21":0},"f":{"0":3,"1":1,"2":3,"3":3,"4":2,"5":1,"6":0,"7":1},"b":{"0":[2],"1":[1,1],"2":[1,0]},"meta":{"lastBranch":3,"lastFunction":8,"lastStatement":22,"seen":{"f:4:9:4:22":0,"s:5:2:5:Infinity":0,"f:8:9:8:22":1,"s:9:2:9:Infinity":1,"s:12:30:78:Infinity":2,"f:13:2:13:16":2,"s:14:15:14:21":3,"s:15:17:15:Infinity":4,"s:17:4:25:Infinity":5,"f:17:7:17:25":3,"s:18:6:20:Infinity":6,"s:22:6:24:Infinity":7,"f:28:2:28:20":4,"b:28:44:28:128":0,"s:29:15:29:21":8,"s:31:20:38:Infinity":9,"b:40:4:47:Infinity:undefined:undefined:undefined:undefined":1,"s:40:4:47:Infinity":10,"s:41:6:46:Infinity":11,"f:41:21:41:25":5,"s:41:31:46:8":12,"s:49:21:56:Infinity":13,"s:58:4:63:Infinity":14,"f:58:20:58:24":6,"s:58:30:63:6":15,"f:66:2:66:14":7,"s:67:15:67:21":16,"s:68:21:70:Infinity":17,"b:71:4:71:Infinity:undefined:undefined:undefined:undefined":2,"s:71:4:71:Infinity":18,"s:71:28:71:Infinity":19,"s:73:16:75:Infinity":20,"s:76:4:76:Infinity":21},"fnNames":{}}}
,"C:\\Users\\Andres\\Desktop\\LMS-Exam\\backend\\src\\prompts\\system.ts": {"path":"C:\\Users\\Andres\\Desktop\\LMS-Exam\\backend\\src\\prompts\\system.ts","statementMap":{"0":{"start":{"line":1,"column":34},"end":{"line":1,"column":null}},"1":{"start":{"line":33,"column":37},"end":{"line":33,"column":null}},"2":{"start":{"line":51,"column":36},"end":{"line":51,"column":null}},"3":{"start":{"line":77,"column":35},"end":{"line":77,"column":null}}},"fnMap":{},"branchMap":{},"s":{"0":2,"1":2,"2":2,"3":2},"f":{},"b":{},"meta":{"lastBranch":0,"lastFunction":0,"lastStatement":4,"seen":{"s:1:34:1:Infinity":0,"s:33:37:33:Infinity":1,"s:51:36:51:Infinity":2,"s:77:35:77:Infinity":3},"fnNames":{}}}
,"C:\\Users\\Andres\\Desktop\\LMS-Exam\\backend\\src\\services\\chat.service.ts": {"path":"C:\\Users\\Andres\\Desktop\\LMS-Exam\\backend\\src\\services\\chat.service.ts","statementMap":{"0":{"start":{"line":12,"column":20},"end":{"line":12,"column":null}},"1":{"start":{"line":13,"column":25},"end":{"line":13,"column":null}},"2":{"start":{"line":14,"column":19},"end":{"line":14,"column":null}},"3":{"start":{"line":15,"column":32},"end":{"line":15,"column":null}},"4":{"start":{"line":16,"column":20},"end":{"line":16,"column":null}},"5":{"start":{"line":17,"column":22},"end":{"line":17,"column":null}},"6":{"start":{"line":19,"column":25},"end":{"line":21,"column":null}},"7":{"start":{"line":22,"column":26},"end":{"line":24,"column":null}},"8":{"start":{"line":27,"column":2},"end":{"line":27,"column":null}},"9":{"start":{"line":37,"column":2},"end":{"line":37,"column":null}},"10":{"start":{"line":47,"column":2},"end":{"line":47,"column":null}}},"fnMap":{"0":{"name":"buildContent","decl":{"start":{"line":26,"column":16},"end":{"line":26,"column":29}},"loc":{"start":{"line":26,"column":106},"end":{"line":28,"column":null}},"line":26},"1":{"name":"sendChatMessageStream","decl":{"start":{"line":30,"column":22},"end":{"line":30,"column":null}},"loc":{"start":{"line":36,"column":62},"end":{"line":38,"column":null}},"line":36},"2":{"name":"sendChatMessage","decl":{"start":{"line":40,"column":22},"end":{"line":40,"column":null}},"loc":{"start":{"line":46,"column":33},"end":{"line":48,"column":null}},"line":46}},"branchMap":{},"s":{"0":2,"1":2,"2":2,"3":2,"4":2,"5":2,"6":2,"7":2,"8":6,"9":0,"10":0},"f":{"0":6,"1":0,"2":0},"b":{},"meta":{"lastBranch":0,"lastFunction":3,"lastStatement":11,"seen":{"s:12:20:12:Infinity":0,"s:13:25:13:Infinity":1,"s:14:19:14:Infinity":2,"s:15:32:15:Infinity":3,"s:16:20:16:Infinity":4,"s:17:22:17:Infinity":5,"s:19:25:21:Infinity":6,"s:22:26:24:Infinity":7,"f:26:16:26:29":0,"s:27:2:27:Infinity":8,"f:30:22:30:Infinity":1,"s:37:2:37:Infinity":9,"f:40:22:40:Infinity":2,"s:47:2:47:Infinity":10},"fnNames":{}}}
,"C:\\Users\\Andres\\Desktop\\LMS-Exam\\backend\\src\\services\\profile.service.ts": {"path":"C:\\Users\\Andres\\Desktop\\LMS-Exam\\backend\\src\\services\\profile.service.ts","statementMap":{"0":{"start":{"line":6,"column":21},"end":{"line":6,"column":null}},"1":{"start":{"line":7,"column":26},"end":{"line":7,"column":null}},"2":{"start":{"line":9,"column":14},"end":{"line":9,"column":null}},"3":{"start":{"line":12,"column":2},"end":{"line":12,"column":null}},"4":{"start":{"line":16,"column":2},"end":{"line":16,"column":null}},"5":{"start":{"line":16,"column":52},"end":{"line":16,"column":null}},"6":{"start":{"line":18,"column":18},"end":{"line":18,"column":null}},"7":{"start":{"line":21,"column":21},"end":{"line":21,"column":null}},"8":{"start":{"line":22,"column":23},"end":{"line":22,"column":null}},"9":{"start":{"line":23,"column":22},"end":{"line":23,"column":null}},"10":{"start":{"line":26,"column":16},"end":{"line":28,"column":null}},"11":{"start":{"line":30,"column":2},"end":{"line":36,"column":null}},"12":{"start":{"line":31,"column":4},"end":{"line":31,"column":null}},"13":{"start":{"line":33,"column":4},"end":{"line":35,"column":null}},"14":{"start":{"line":34,"column":6},"end":{"line":34,"column":null}},"15":{"start":{"line":38,"column":2},"end":{"line":38,"column":null}},"16":{"start":{"line":41,"column":30},"end":{"line":93,"column":null}},"17":{"start":{"line":43,"column":19},"end":{"line":43,"column":null}},"18":{"start":{"line":44,"column":4},"end":{"line":44,"column":null}},"19":{"start":{"line":44,"column":30},"end":{"line":44,"column":null}},"20":{"start":{"line":46,"column":21},"end":{"line":46,"column":null}},"21":{"start":{"line":47,"column":4},"end":{"line":55,"column":null}},"22":{"start":{"line":48,"column":6},"end":{"line":48,"column":null}},"23":{"start":{"line":48,"column":36},"end":{"line":48,"column":null}},"24":{"start":{"line":49,"column":22},"end":{"line":49,"column":null}},"25":{"start":{"line":50,"column":6},"end":{"line":50,"column":null}},"26":{"start":{"line":51,"column":6},"end":{"line":51,"column":null}},"27":{"start":{"line":53,"column":6},"end":{"line":53,"column":null}},"28":{"start":{"line":54,"column":6},"end":{"line":54,"column":null}},"29":{"start":{"line":59,"column":22},"end":{"line":59,"column":null}},"30":{"start":{"line":61,"column":21},"end":{"line":61,"column":null}},"31":{"start":{"line":62,"column":4},"end":{"line":64,"column":null}},"32":{"start":{"line":63,"column":6},"end":{"line":63,"column":null}},"33":{"start":{"line":65,"column":4},"end":{"line":65,"column":null}},"34":{"start":{"line":67,"column":4},"end":{"line":67,"column":null}},"35":{"start":{"line":68,"column":4},"end":{"line":68,"column":null}},"36":{"start":{"line":72,"column":20},"end":{"line":72,"column":null}},"37":{"start":{"line":73,"column":22},"end":{"line":73,"column":null}},"38":{"start":{"line":74,"column":20},"end":{"line":74,"column":null}},"39":{"start":{"line":75,"column":4},"end":{"line":75,"column":null}},"40":{"start":{"line":79,"column":21},"end":{"line":79,"column":null}},"41":{"start":{"line":80,"column":4},"end":{"line":86,"column":null}},"42":{"start":{"line":81,"column":6},"end":{"line":83,"column":null}},"43":{"start":{"line":82,"column":8},"end":{"line":82,"column":null}},"44":{"start":{"line":85,"column":6},"end":{"line":85,"column":null}},"45":{"start":{"line":87,"column":4},"end":{"line":87,"column":null}},"46":{"start":{"line":91,"column":4},"end":{"line":91,"column":null}}},"fnMap":{"0":{"name":"profilePath","decl":{"start":{"line":11,"column":9},"end":{"line":11,"column":21}},"loc":{"start":{"line":11,"column":45},"end":{"line":13,"column":null}},"line":11},"1":{"name":"semanticTruncate","decl":{"start":{"line":15,"column":9},"end":{"line":15,"column":26}},"loc":{"start":{"line":15,"column":66},"end":{"line":39,"column":null}},"line":15},"2":{"name":"getProfile","decl":{"start":{"line":42,"column":2},"end":{"line":42,"column":13}},"loc":{"start":{"line":42,"column":44},"end":{"line":56,"column":null}},"line":42},"3":{"name":"saveProfile","decl":{"start":{"line":58,"column":2},"end":{"line":58,"column":14}},"loc":{"start":{"line":58,"column":53},"end":{"line":69,"column":null}},"line":58},"4":{"name":"appendToProfile","decl":{"start":{"line":71,"column":2},"end":{"line":71,"column":18}},"loc":{"start":{"line":71,"column":56},"end":{"line":76,"column":null}},"line":71},"5":{"name":"resetProfile","decl":{"start":{"line":78,"column":2},"end":{"line":78,"column":15}},"loc":{"start":{"line":78,"column":37},"end":{"line":88,"column":null}},"line":78},"6":{"name":"invalidateCache","decl":{"start":{"line":90,"column":2},"end":{"line":90,"column":18}},"loc":{"start":{"line":90,"column":40},"end":{"line":92,"column":null}},"line":90}},"branchMap":{"0":{"loc":{"start":{"line":16,"column":2},"end":{"line":16,"column":null}},"type":"if","locations":[{"start":{"line":16,"column":2},"end":{"line":16,"column":null}},{"start":{},"end":{}}],"line":16},"1":{"loc":{"start":{"line":26,"column":25},"end":{"line":26,"column":null}},"type":"cond-expr","locations":[{"start":{"line":26,"column":43},"end":{"line":26,"column":60}},{"start":{"line":26,"column":60},"end":{"line":26,"column":null}}],"line":26},"2":{"loc":{"start":{"line":27,"column":25},"end":{"line":27,"column":null}},"type":"cond-expr","locations":[{"start":{"line":27,"column":45},"end":{"line":27,"column":64}},{"start":{"line":27,"column":64},"end":{"line":27,"column":null}}],"line":27},"3":{"loc":{"start":{"line":28,"column":25},"end":{"line":28,"column":60}},"type":"cond-expr","locations":[{"start":{"line":28,"column":44},"end":{"line":28,"column":58}},{"start":{"line":28,"column":58},"end":{"line":28,"column":60}}],"line":28},"4":{"loc":{"start":{"line":30,"column":2},"end":{"line":36,"column":null}},"type":"if","locations":[{"start":{"line":30,"column":2},"end":{"line":36,"column":null}},{"start":{},"end":{}}],"line":30},"5":{"loc":{"start":{"line":44,"column":4},"end":{"line":44,"column":null}},"type":"if","locations":[{"start":{"line":44,"column":4},"end":{"line":44,"column":null}},{"start":{},"end":{}}],"line":44},"6":{"loc":{"start":{"line":48,"column":6},"end":{"line":48,"column":null}},"type":"if","locations":[{"start":{"line":48,"column":6},"end":{"line":48,"column":null}},{"start":{},"end":{}}],"line":48},"7":{"loc":{"start":{"line":62,"column":4},"end":{"line":64,"column":null}},"type":"if","locations":[{"start":{"line":62,"column":4},"end":{"line":64,"column":null}},{"start":{},"end":{}}],"line":62},"8":{"loc":{"start":{"line":72,"column":20},"end":{"line":72,"column":null}},"type":"binary-expr","locations":[{"start":{"line":72,"column":20},"end":{"line":72,"column":47}},{"start":{"line":72,"column":47},"end":{"line":72,"column":null}}],"line":72},"9":{"loc":{"start":{"line":81,"column":6},"end":{"line":83,"column":null}},"type":"if","locations":[{"start":{"line":81,"column":6},"end":{"line":83,"column":null}},{"start":{},"end":{}}],"line":81}},"s":{"0":2,"1":2,"2":2,"3":0,"4":0,"5":0,"6":0,"7":0,"8":0,"9":0,"10":0,"11":0,"12":0,"13":0,"14":0,"15":0,"16":2,"17":0,"18":0,"19":0,"20":0,"21":0,"22":0,"23":0,"24":0,"25":0,"26":0,"27":0,"28":0,"29":0,"30":0,"31":0,"32":0,"33":0,"34":0,"35":0,"36":0,"37":0,"38":0,"39":0,"40":0,"41":0,"42":0,"43":0,"44":0,"45":0,"46":0},"f":{"0":0,"1":0,"2":0,"3":0,"4":0,"5":0,"6":0},"b":{"0":[0,0],"1":[0,0],"2":[0,0],"3":[0,0],"4":[0,0],"5":[0,0],"6":[0,0],"7":[0,0],"8":[0,0],"9":[0,0]},"meta":{"lastBranch":10,"lastFunction":7,"lastStatement":47,"seen":{"s:6:21:6:Infinity":0,"s:7:26:7:Infinity":1,"s:9:14:9:Infinity":2,"f:11:9:11:21":0,"s:12:2:12:Infinity":3,"f:15:9:15:26":1,"b:16:2:16:Infinity:undefined:undefined:undefined:undefined":0,"s:16:2:16:Infinity":4,"s:16:52:16:Infinity":5,"s:18:18:18:Infinity":6,"s:21:21:21:Infinity":7,"s:22:23:22:Infinity":8,"s:23:22:23:Infinity":9,"s:26:16:28:Infinity":10,"b:26:43:26:60:26:60:26:Infinity":1,"b:27:45:27:64:27:64:27:Infinity":2,"b:28:44:28:58:28:58:28:60":3,"b:30:2:36:Infinity:undefined:undefined:undefined:undefined":4,"s:30:2:36:Infinity":11,"s:31:4:31:Infinity":12,"s:33:4:35:Infinity":13,"s:34:6:34:Infinity":14,"s:38:2:38:Infinity":15,"s:41:30:93:Infinity":16,"f:42:2:42:13":2,"s:43:19:43:Infinity":17,"b:44:4:44:Infinity:undefined:undefined:undefined:undefined":5,"s:44:4:44:Infinity":18,"s:44:30:44:Infinity":19,"s:46:21:46:Infinity":20,"s:47:4:55:Infinity":21,"b:48:6:48:Infinity:undefined:undefined:undefined:undefined":6,"s:48:6:48:Infinity":22,"s:48:36:48:Infinity":23,"s:49:22:49:Infinity":24,"s:50:6:50:Infinity":25,"s:51:6:51:Infinity":26,"s:53:6:53:Infinity":27,"s:54:6:54:Infinity":28,"f:58:2:58:14":3,"s:59:22:59:Infinity":29,"s:61:21:61:Infinity":30,"b:62:4:64:Infinity:undefined:undefined:undefined:undefined":7,"s:62:4:64:Infinity":31,"s:63:6:63:Infinity":32,"s:65:4:65:Infinity":33,"s:67:4:67:Infinity":34,"s:68:4:68:Infinity":35,"f:71:2:71:18":4,"s:72:20:72:Infinity":36,"b:72:20:72:47:72:47:72:Infinity":8,"s:73:22:73:Infinity":37,"s:74:20:74:Infinity":38,"s:75:4:75:Infinity":39,"f:78:2:78:15":5,"s:79:21:79:Infinity":40,"s:80:4:86:Infinity":41,"b:81:6:83:Infinity:undefined:undefined:undefined:undefined":9,"s:81:6:83:Infinity":42,"s:82:8:82:Infinity":43,"s:85:6:85:Infinity":44,"s:87:4:87:Infinity":45,"f:90:2:90:18":6,"s:91:4:91:Infinity":46},"fnNames":{}}}
,"C:\\Users\\Andres\\Desktop\\LMS-Exam\\backend\\src\\services\\ai\\embeddings.ts": {"path":"C:\\Users\\Andres\\Desktop\\LMS-Exam\\backend\\src\\services\\ai\\embeddings.ts","statementMap":{"0":{"start":{"line":10,"column":16},"end":{"line":10,"column":null}},"1":{"start":{"line":12,"column":19},"end":{"line":23,"column":null}},"2":{"start":{"line":25,"column":18},"end":{"line":25,"column":null}},"3":{"start":{"line":27,"column":2},"end":{"line":31,"column":null}},"4":{"start":{"line":28,"column":22},"end":{"line":28,"column":null}},"5":{"start":{"line":29,"column":4},"end":{"line":29,"column":null}},"6":{"start":{"line":30,"column":4},"end":{"line":30,"column":null}},"7":{"start":{"line":33,"column":16},"end":{"line":33,"column":null}},"8":{"start":{"line":34,"column":17},"end":{"line":34,"column":null}},"9":{"start":{"line":36,"column":2},"end":{"line":38,"column":null}},"10":{"start":{"line":37,"column":4},"end":{"line":37,"column":null}},"11":{"start":{"line":40,"column":2},"end":{"line":40,"column":null}},"12":{"start":{"line":41,"column":2},"end":{"line":41,"column":null}}},"fnMap":{"0":{"name":"generateEmbedding","decl":{"start":{"line":9,"column":22},"end":{"line":9,"column":40}},"loc":{"start":{"line":9,"column":73},"end":{"line":42,"column":null}},"line":9}},"branchMap":{"0":{"loc":{"start":{"line":27,"column":2},"end":{"line":31,"column":null}},"type":"if","locations":[{"start":{"line":27,"column":2},"end":{"line":31,"column":null}},{"start":{},"end":{}}],"line":27},"1":{"loc":{"start":{"line":36,"column":2},"end":{"line":38,"column":null}},"type":"if","locations":[{"start":{"line":36,"column":2},"end":{"line":38,"column":null}},{"start":{},"end":{}}],"line":36},"2":{"loc":{"start":{"line":36,"column":6},"end":{"line":36,"column":41}},"type":"binary-expr","locations":[{"start":{"line":36,"column":6},"end":{"line":36,"column":17}},{"start":{"line":36,"column":17},"end":{"line":36,"column":41}}],"line":36}},"s":{"0":0,"1":0,"2":0,"3":0,"4":0,"5":0,"6":0,"7":0,"8":0,"9":0,"10":0,"11":0,"12":0},"f":{"0":0},"b":{"0":[0,0],"1":[0,0],"2":[0,0]},"meta":{"lastBranch":3,"lastFunction":1,"lastStatement":13,"seen":{"f:9:22:9:40":0,"s:10:16:10:Infinity":0,"s:12:19:23:Infinity":1,"s:25:18:25:Infinity":2,"b:27:2:31:Infinity:undefined:undefined:undefined:undefined":0,"s:27:2:31:Infinity":3,"s:28:22:28:Infinity":4,"s:29:4:29:Infinity":5,"s:30:4:30:Infinity":6,"s:33:16:33:Infinity":7,"s:34:17:34:Infinity":8,"b:36:2:38:Infinity:undefined:undefined:undefined:undefined":1,"s:36:2:38:Infinity":9,"b:36:6:36:17:36:17:36:41":2,"s:37:4:37:Infinity":10,"s:40:2:40:Infinity":11,"s:41:2:41:Infinity":12},"fnNames":{}}}
,"C:\\Users\\Andres\\Desktop\\LMS-Exam\\backend\\src\\services\\ai\\index.ts": {"path":"C:\\Users\\Andres\\Desktop\\LMS-Exam\\backend\\src\\services\\ai\\index.ts","statementMap":{"0":{"start":{"line":12,"column":46},"end":{"line":15,"column":null}},"1":{"start":{"line":19,"column":27},"end":{"line":19,"column":null}},"2":{"start":{"line":20,"column":19},"end":{"line":20,"column":null}},"3":{"start":{"line":27,"column":4},"end":{"line":27,"column":null}},"4":{"start":{"line":28,"column":4},"end":{"line":28,"column":null}},"5":{"start":{"line":29,"column":4},"end":{"line":29,"column":null}},"6":{"start":{"line":30,"column":4},"end":{"line":30,"column":null}},"7":{"start":{"line":41,"column":15},"end":{"line":41,"column":null}},"8":{"start":{"line":43,"column":2},"end":{"line":45,"column":null}},"9":{"start":{"line":44,"column":4},"end":{"line":44,"column":null}},"10":{"start":{"line":49,"column":2},"end":{"line":123,"column":null}},"11":{"start":{"line":49,"column":21},"end":{"line":49,"column":24}},"12":{"start":{"line":50,"column":4},"end":{"line":53,"column":null}},"13":{"start":{"line":51,"column":6},"end":{"line":51,"column":null}},"14":{"start":{"line":52,"column":6},"end":{"line":52,"column":null}},"15":{"start":{"line":55,"column":24},"end":{"line":55,"column":null}},"16":{"start":{"line":56,"column":23},"end":{"line":56,"column":null}},"17":{"start":{"line":57,"column":22},"end":{"line":57,"column":null}},"18":{"start":{"line":57,"column":39},"end":{"line":57,"column":59}},"19":{"start":{"line":59,"column":39},"end":{"line":59,"column":null}},"20":{"start":{"line":60,"column":4},"end":{"line":63,"column":null}},"21":{"start":{"line":61,"column":6},"end":{"line":61,"column":null}},"22":{"start":{"line":61,"column":24},"end":{"line":61,"column":49}},"23":{"start":{"line":61,"column":49},"end":{"line":61,"column":69}},"24":{"start":{"line":62,"column":6},"end":{"line":62,"column":null}},"25":{"start":{"line":65,"column":4},"end":{"line":122,"column":null}},"26":{"start":{"line":66,"column":6},"end":{"line":72,"column":null}},"27":{"start":{"line":74,"column":21},"end":{"line":81,"column":null}},"28":{"start":{"line":83,"column":6},"end":{"line":83,"column":null}},"29":{"start":{"line":83,"column":38},"end":{"line":83,"column":null}},"30":{"start":{"line":84,"column":6},"end":{"line":84,"column":null}},"31":{"start":{"line":86,"column":6},"end":{"line":88,"column":null}},"32":{"start":{"line":87,"column":8},"end":{"line":87,"column":null}},"33":{"start":{"line":90,"column":6},"end":{"line":90,"column":null}},"34":{"start":{"line":92,"column":6},"end":{"line":92,"column":null}},"35":{"start":{"line":92,"column":38},"end":{"line":92,"column":null}},"36":{"start":{"line":93,"column":6},"end":{"line":93,"column":null}},"37":{"start":{"line":95,"column":6},"end":{"line":97,"column":null}},"38":{"start":{"line":96,"column":8},"end":{"line":96,"column":null}},"39":{"start":{"line":99,"column":20},"end":{"line":99,"column":null}},"40":{"start":{"line":100,"column":6},"end":{"line":100,"column":null}},"41":{"start":{"line":102,"column":24},"end":{"line":102,"column":null}},"42":{"start":{"line":103,"column":28},"end":{"line":103,"column":null}},"43":{"start":{"line":104,"column":29},"end":{"line":104,"column":null}},"44":{"start":{"line":105,"column":27},"end":{"line":105,"column":null}},"45":{"start":{"line":107,"column":6},"end":{"line":116,"column":null}},"46":{"start":{"line":108,"column":8},"end":{"line":108,"column":null}},"47":{"start":{"line":109,"column":13},"end":{"line":116,"column":null}},"48":{"start":{"line":110,"column":8},"end":{"line":110,"column":null}},"49":{"start":{"line":111,"column":13},"end":{"line":116,"column":null}},"50":{"start":{"line":112,"column":8},"end":{"line":112,"column":null}},"51":{"start":{"line":114,"column":8},"end":{"line":114,"column":null}},"52":{"start":{"line":115,"column":8},"end":{"line":115,"column":null}},"53":{"start":{"line":118,"column":28},"end":{"line":118,"column":null}},"54":{"start":{"line":119,"column":6},"end":{"line":121,"column":null}},"55":{"start":{"line":120,"column":8},"end":{"line":120,"column":null}},"56":{"start":{"line":125,"column":2},"end":{"line":125,"column":null}}},"fnMap":{"0":{"name":"constructor","decl":{"start":{"line":26,"column":2},"end":{"line":26,"column":14}},"loc":{"start":{"line":26,"column":51},"end":{"line":31,"column":null}},"line":26},"1":{"name":"generateFromAI","decl":{"start":{"line":34,"column":22},"end":{"line":34,"column":null}},"loc":{"start":{"line":40,"column":23},"end":{"line":126,"column":null}},"line":40},"2":{"name":"(anonymous_2)","decl":{"start":{"line":57,"column":22},"end":{"line":57,"column":39}},"loc":{"start":{"line":57,"column":39},"end":{"line":57,"column":59}},"line":57},"3":{"name":"(anonymous_3)","decl":{"start":{"line":61,"column":6},"end":{"line":61,"column":22}},"loc":{"start":{"line":61,"column":22},"end":{"line":61,"column":null}},"line":61}},"branchMap":{"0":{"loc":{"start":{"line":38,"column":2},"end":{"line":38,"column":null}},"type":"default-arg","locations":[{"start":{"line":38,"column":43},"end":{"line":38,"column":null}}],"line":38},"1":{"loc":{"start":{"line":43,"column":2},"end":{"line":45,"column":null}},"type":"if","locations":[{"start":{"line":43,"column":2},"end":{"line":45,"column":null}},{"start":{},"end":{}}],"line":43},"2":{"loc":{"start":{"line":50,"column":4},"end":{"line":53,"column":null}},"type":"if","locations":[{"start":{"line":50,"column":4},"end":{"line":53,"column":null}},{"start":{},"end":{}}],"line":50},"3":{"loc":{"start":{"line":55,"column":24},"end":{"line":55,"column":null}},"type":"binary-expr","locations":[{"start":{"line":55,"column":24},"end":{"line":55,"column":48}},{"start":{"line":55,"column":48},"end":{"line":55,"column":null}}],"line":55},"4":{"loc":{"start":{"line":60,"column":4},"end":{"line":63,"column":null}},"type":"if","locations":[{"start":{"line":60,"column":4},"end":{"line":63,"column":null}},{"start":{},"end":{}}],"line":60},"5":{"loc":{"start":{"line":60,"column":8},"end":{"line":60,"column":52}},"type":"binary-expr","locations":[{"start":{"line":60,"column":8},"end":{"line":60,"column":27}},{"start":{"line":60,"column":27},"end":{"line":60,"column":52}}],"line":60},"6":{"loc":{"start":{"line":83,"column":6},"end":{"line":83,"column":null}},"type":"if","locations":[{"start":{"line":83,"column":6},"end":{"line":83,"column":null}},{"start":{},"end":{}}],"line":83},"7":{"loc":{"start":{"line":83,"column":10},"end":{"line":83,"column":38}},"type":"binary-expr","locations":[{"start":{"line":83,"column":10},"end":{"line":83,"column":21}},{"start":{"line":83,"column":21},"end":{"line":83,"column":38}}],"line":83},"8":{"loc":{"start":{"line":86,"column":6},"end":{"line":88,"column":null}},"type":"if","locations":[{"start":{"line":86,"column":6},"end":{"line":88,"column":null}},{"start":{},"end":{}}],"line":86},"9":{"loc":{"start":{"line":92,"column":6},"end":{"line":92,"column":null}},"type":"if","locations":[{"start":{"line":92,"column":6},"end":{"line":92,"column":null}},{"start":{},"end":{}}],"line":92},"10":{"loc":{"start":{"line":92,"column":10},"end":{"line":92,"column":38}},"type":"binary-expr","locations":[{"start":{"line":92,"column":10},"end":{"line":92,"column":21}},{"start":{"line":92,"column":21},"end":{"line":92,"column":38}}],"line":92},"11":{"loc":{"start":{"line":95,"column":6},"end":{"line":97,"column":null}},"type":"if","locations":[{"start":{"line":95,"column":6},"end":{"line":97,"column":null}},{"start":{},"end":{}}],"line":95},"12":{"loc":{"start":{"line":103,"column":28},"end":{"line":103,"column":null}},"type":"binary-expr","locations":[{"start":{"line":103,"column":28},"end":{"line":103,"column":60}},{"start":{"line":103,"column":60},"end":{"line":103,"column":null}}],"line":103},"13":{"loc":{"start":{"line":107,"column":6},"end":{"line":116,"column":null}},"type":"if","locations":[{"start":{"line":107,"column":6},"end":{"line":116,"column":null}},{"start":{"line":109,"column":13},"end":{"line":116,"column":null}}],"line":107},"14":{"loc":{"start":{"line":109,"column":13},"end":{"line":116,"column":null}},"type":"if","locations":[{"start":{"line":109,"column":13},"end":{"line":116,"column":null}},{"start":{"line":111,"column":13},"end":{"line":116,"column":null}}],"line":109},"15":{"loc":{"start":{"line":109,"column":17},"end":{"line":109,"column":50}},"type":"binary-expr","locations":[{"start":{"line":109,"column":17},"end":{"line":109,"column":34}},{"start":{"line":109,"column":34},"end":{"line":109,"column":50}}],"line":109},"16":{"loc":{"start":{"line":111,"column":13},"end":{"line":116,"column":null}},"type":"if","locations":[{"start":{"line":111,"column":13},"end":{"line":116,"column":null}},{"start":{"line":113,"column":13},"end":{"line":116,"column":null}}],"line":111},"17":{"loc":{"start":{"line":119,"column":6},"end":{"line":121,"column":null}},"type":"if","locations":[{"start":{"line":119,"column":6},"end":{"line":121,"column":null}},{"start":{},"end":{}}],"line":119},"18":{"loc":{"start":{"line":125,"column":52},"end":{"line":125,"column":93}},"type":"binary-expr","locations":[{"start":{"line":125,"column":52},"end":{"line":125,"column":74}},{"start":{"line":125,"column":74},"end":{"line":125,"column":93}}],"line":125}},"s":{"0":2,"1":2,"2":2,"3":0,"4":0,"5":0,"6":0,"7":0,"8":0,"9":0,"10":0,"11":0,"12":0,"13":0,"14":0,"15":0,"16":0,"17":0,"18":0,"19":0,"20":0,"21":0,"22":0,"23":0,"24":0,"25":0,"26":0,"27":0,"28":0,"29":0,"30":0,"31":0,"32":0,"33":0,"34":0,"35":0,"36":0,"37":0,"38":0,"39":0,"40":0,"41":0,"42":0,"43":0,"44":0,"45":0,"46":0,"47":0,"48":0,"49":0,"50":0,"51":0,"52":0,"53":0,"54":0,"55":0,"56":0},"f":{"0":0,"1":0,"2":0,"3":0},"b":{"0":[0],"1":[0,0],"2":[0,0],"3":[0,0],"4":[0,0],"5":[0,0],"6":[0,0],"7":[0,0],"8":[0,0],"9":[0,0],"10":[0,0],"11":[0,0],"12":[0,0],"13":[0,0],"14":[0,0],"15":[0,0],"16":[0,0],"17":[0,0],"18":[0,0]},"meta":{"lastBranch":19,"lastFunction":4,"lastStatement":57,"seen":{"s:12:46:15:Infinity":0,"s:19:27:19:Infinity":1,"s:20:19:20:Infinity":2,"f:26:2:26:14":0,"s:27:4:27:Infinity":3,"s:28:4:28:Infinity":4,"s:29:4:29:Infinity":5,"s:30:4:30:Infinity":6,"f:34:22:34:Infinity":1,"b:38:43:38:Infinity":0,"s:41:15:41:Infinity":7,"b:43:2:45:Infinity:undefined:undefined:undefined:undefined":1,"s:43:2:45:Infinity":8,"s:44:4:44:Infinity":9,"s:49:2:123:Infinity":10,"s:49:21:49:24":11,"b:50:4:53:Infinity:undefined:undefined:undefined:undefined":2,"s:50:4:53:Infinity":12,"s:51:6:51:Infinity":13,"s:52:6:52:Infinity":14,"s:55:24:55:Infinity":15,"b:55:24:55:48:55:48:55:Infinity":3,"s:56:23:56:Infinity":16,"s:57:22:57:Infinity":17,"f:57:22:57:39":2,"s:57:39:57:59":18,"s:59:39:59:Infinity":19,"b:60:4:63:Infinity:undefined:undefined:undefined:undefined":4,"s:60:4:63:Infinity":20,"b:60:8:60:27:60:27:60:52":5,"s:61:6:61:Infinity":21,"f:61:6:61:22":3,"s:61:24:61:49":22,"s:61:49:61:69":23,"s:62:6:62:Infinity":24,"s:65:4:122:Infinity":25,"s:66:6:72:Infinity":26,"s:74:21:81:Infinity":27,"b:83:6:83:Infinity:undefined:undefined:undefined:undefined":6,"s:83:6:83:Infinity":28,"b:83:10:83:21:83:21:83:38":7,"s:83:38:83:Infinity":29,"s:84:6:84:Infinity":30,"b:86:6:88:Infinity:undefined:undefined:undefined:undefined":8,"s:86:6:88:Infinity":31,"s:87:8:87:Infinity":32,"s:90:6:90:Infinity":33,"b:92:6:92:Infinity:undefined:undefined:undefined:undefined":9,"s:92:6:92:Infinity":34,"b:92:10:92:21:92:21:92:38":10,"s:92:38:92:Infinity":35,"s:93:6:93:Infinity":36,"b:95:6:97:Infinity:undefined:undefined:undefined:undefined":11,"s:95:6:97:Infinity":37,"s:96:8:96:Infinity":38,"s:99:20:99:Infinity":39,"s:100:6:100:Infinity":40,"s:102:24:102:Infinity":41,"s:103:28:103:Infinity":42,"b:103:28:103:60:103:60:103:Infinity":12,"s:104:29:104:Infinity":43,"s:105:27:105:Infinity":44,"b:107:6:116:Infinity:109:13:116:Infinity":13,"s:107:6:116:Infinity":45,"s:108:8:108:Infinity":46,"b:109:13:116:Infinity:111:13:116:Infinity":14,"s:109:13:116:Infinity":47,"b:109:17:109:34:109:34:109:50":15,"s:110:8:110:Infinity":48,"b:111:13:116:Infinity:113:13:116:Infinity":16,"s:111:13:116:Infinity":49,"s:112:8:112:Infinity":50,"s:114:8:114:Infinity":51,"s:115:8:115:Infinity":52,"s:118:28:118:Infinity":53,"b:119:6:121:Infinity:undefined:undefined:undefined:undefined":17,"s:119:6:121:Infinity":54,"s:120:8:120:Infinity":55,"s:125:2:125:Infinity":56,"b:125:52:125:74:125:74:125:93":18},"fnNames":{}}}
,"C:\\Users\\Andres\\Desktop\\LMS-Exam\\backend\\src\\services\\ai\\nineRouter.ts": {"path":"C:\\Users\\Andres\\Desktop\\LMS-Exam\\backend\\src\\services\\ai\\nineRouter.ts","statementMap":{"0":{"start":{"line":18,"column":28},"end":{"line":18,"column":null}},"1":{"start":{"line":19,"column":27},"end":{"line":19,"column":null}},"2":{"start":{"line":20,"column":25},"end":{"line":20,"column":null}},"3":{"start":{"line":41,"column":69},"end":{"line":41,"column":null}},"4":{"start":{"line":42,"column":22},"end":{"line":42,"column":null}},"5":{"start":{"line":45,"column":14},"end":{"line":45,"column":null}},"6":{"start":{"line":46,"column":2},"end":{"line":46,"column":null}},"7":{"start":{"line":46,"column":64},"end":{"line":46,"column":null}},"8":{"start":{"line":48,"column":2},"end":{"line":67,"column":null}},"9":{"start":{"line":49,"column":19},"end":{"line":49,"column":null}},"10":{"start":{"line":50,"column":20},"end":{"line":50,"column":null}},"11":{"start":{"line":51,"column":21},"end":{"line":53,"column":null}},"12":{"start":{"line":54,"column":4},"end":{"line":54,"column":null}},"13":{"start":{"line":54,"column":22},"end":{"line":54,"column":null}},"14":{"start":{"line":55,"column":18},"end":{"line":55,"column":null}},"15":{"start":{"line":56,"column":4},"end":{"line":60,"column":null}},"16":{"start":{"line":56,"column":38},"end":{"line":60,"column":6}},"17":{"start":{"line":61,"column":4},"end":{"line":61,"column":null}},"18":{"start":{"line":62,"column":4},"end":{"line":62,"column":null}},"19":{"start":{"line":63,"column":4},"end":{"line":63,"column":null}},"20":{"start":{"line":65,"column":4},"end":{"line":65,"column":null}},"21":{"start":{"line":66,"column":4},"end":{"line":66,"column":null}},"22":{"start":{"line":71,"column":17},"end":{"line":71,"column":null}},"23":{"start":{"line":72,"column":18},"end":{"line":72,"column":null}},"24":{"start":{"line":73,"column":15},"end":{"line":73,"column":null}},"25":{"start":{"line":74,"column":2},"end":{"line":93,"column":null}},"26":{"start":{"line":75,"column":28},"end":{"line":75,"column":null}},"27":{"start":{"line":76,"column":4},"end":{"line":76,"column":null}},"28":{"start":{"line":76,"column":14},"end":{"line":76,"column":null}},"29":{"start":{"line":77,"column":4},"end":{"line":77,"column":null}},"30":{"start":{"line":78,"column":18},"end":{"line":78,"column":null}},"31":{"start":{"line":79,"column":4},"end":{"line":79,"column":null}},"32":{"start":{"line":80,"column":4},"end":{"line":92,"column":null}},"33":{"start":{"line":81,"column":16},"end":{"line":81,"column":null}},"34":{"start":{"line":82,"column":6},"end":{"line":82,"column":null}},"35":{"start":{"line":82,"column":38},"end":{"line":82,"column":null}},"36":{"start":{"line":83,"column":6},"end":{"line":91,"column":null}},"37":{"start":{"line":84,"column":8},"end":{"line":90,"column":null}},"38":{"start":{"line":85,"column":23},"end":{"line":85,"column":null}},"39":{"start":{"line":86,"column":28},"end":{"line":86,"column":null}},"40":{"start":{"line":87,"column":10},"end":{"line":87,"column":null}},"41":{"start":{"line":87,"column":25},"end":{"line":87,"column":null}},"42":{"start":{"line":88,"column":26},"end":{"line":88,"column":null}},"43":{"start":{"line":89,"column":10},"end":{"line":89,"column":null}},"44":{"start":{"line":89,"column":23},"end":{"line":89,"column":null}},"45":{"start":{"line":101,"column":17},"end":{"line":101,"column":null}},"46":{"start":{"line":102,"column":18},"end":{"line":102,"column":null}},"47":{"start":{"line":103,"column":16},"end":{"line":103,"column":null}},"48":{"start":{"line":105,"column":22},"end":{"line":107,"column":null}},"49":{"start":{"line":109,"column":40},"end":{"line":117,"column":null}},"50":{"start":{"line":119,"column":2},"end":{"line":121,"column":null}},"51":{"start":{"line":120,"column":4},"end":{"line":120,"column":null}},"52":{"start":{"line":123,"column":2},"end":{"line":123,"column":null}},"53":{"start":{"line":125,"column":19},"end":{"line":133,"column":null}},"54":{"start":{"line":135,"column":2},"end":{"line":139,"column":null}},"55":{"start":{"line":136,"column":22},"end":{"line":136,"column":null}},"56":{"start":{"line":137,"column":4},"end":{"line":137,"column":null}},"57":{"start":{"line":138,"column":4},"end":{"line":138,"column":null}},"58":{"start":{"line":141,"column":2},"end":{"line":141,"column":null}},"59":{"start":{"line":150,"column":17},"end":{"line":150,"column":null}},"60":{"start":{"line":151,"column":18},"end":{"line":151,"column":null}},"61":{"start":{"line":152,"column":16},"end":{"line":152,"column":null}},"62":{"start":{"line":154,"column":22},"end":{"line":156,"column":null}},"63":{"start":{"line":158,"column":40},"end":{"line":165,"column":null}},"64":{"start":{"line":167,"column":2},"end":{"line":169,"column":null}},"65":{"start":{"line":168,"column":4},"end":{"line":168,"column":null}},"66":{"start":{"line":171,"column":2},"end":{"line":173,"column":null}},"67":{"start":{"line":172,"column":4},"end":{"line":172,"column":null}},"68":{"start":{"line":175,"column":16},"end":{"line":175,"column":null}},"69":{"start":{"line":176,"column":2},"end":{"line":176,"column":null}},"70":{"start":{"line":178,"column":19},"end":{"line":186,"column":null}},"71":{"start":{"line":188,"column":18},"end":{"line":188,"column":null}},"72":{"start":{"line":190,"column":2},"end":{"line":194,"column":null}},"73":{"start":{"line":191,"column":22},"end":{"line":191,"column":null}},"74":{"start":{"line":192,"column":4},"end":{"line":192,"column":null}},"75":{"start":{"line":193,"column":4},"end":{"line":193,"column":null}},"76":{"start":{"line":196,"column":14},"end":{"line":196,"column":null}},"77":{"start":{"line":198,"column":2},"end":{"line":203,"column":null}},"78":{"start":{"line":199,"column":20},"end":{"line":199,"column":null}},"79":{"start":{"line":200,"column":4},"end":{"line":200,"column":null}},"80":{"start":{"line":202,"column":4},"end":{"line":202,"column":null}},"81":{"start":{"line":205,"column":18},"end":{"line":205,"column":null}},"82":{"start":{"line":206,"column":16},"end":{"line":206,"column":null}},"83":{"start":{"line":208,"column":2},"end":{"line":212,"column":null}},"84":{"start":{"line":214,"column":2},"end":{"line":220,"column":null}},"85":{"start":{"line":224,"column":16},"end":{"line":224,"column":null}},"86":{"start":{"line":226,"column":19},"end":{"line":237,"column":null}},"87":{"start":{"line":239,"column":18},"end":{"line":239,"column":null}},"88":{"start":{"line":241,"column":2},"end":{"line":245,"column":null}},"89":{"start":{"line":242,"column":22},"end":{"line":242,"column":null}},"90":{"start":{"line":243,"column":4},"end":{"line":243,"column":null}},"91":{"start":{"line":244,"column":4},"end":{"line":244,"column":null}},"92":{"start":{"line":247,"column":16},"end":{"line":247,"column":null}},"93":{"start":{"line":248,"column":17},"end":{"line":248,"column":null}},"94":{"start":{"line":250,"column":2},"end":{"line":252,"column":null}},"95":{"start":{"line":251,"column":4},"end":{"line":251,"column":null}},"96":{"start":{"line":254,"column":2},"end":{"line":254,"column":null}},"97":{"start":{"line":255,"column":2},"end":{"line":255,"column":null}}},"fnMap":{"0":{"name":"fetchAvailableModels","decl":{"start":{"line":44,"column":22},"end":{"line":44,"column":105}},"loc":{"start":{"line":44,"column":105},"end":{"line":68,"column":null}},"line":44},"1":{"name":"(anonymous_1)","decl":{"start":{"line":56,"column":28},"end":{"line":56,"column":32}},"loc":{"start":{"line":56,"column":38},"end":{"line":60,"column":6}},"line":56},"2":{"name":"parseNineRouterStream","decl":{"start":{"line":70,"column":23},"end":{"line":70,"column":45}},"loc":{"start":{"line":70,"column":108},"end":{"line":94,"column":null}},"line":70},"3":{"name":"callNineRouterStream","decl":{"start":{"line":96,"column":22},"end":{"line":96,"column":null}},"loc":{"start":{"line":100,"column":21},"end":{"line":142,"column":null}},"line":100},"4":{"name":"callNineRouter","decl":{"start":{"line":144,"column":22},"end":{"line":144,"column":null}},"loc":{"start":{"line":149,"column":23},"end":{"line":221,"column":null}},"line":149},"5":{"name":"generateEmbedding","decl":{"start":{"line":223,"column":22},"end":{"line":223,"column":40}},"loc":{"start":{"line":223,"column":73},"end":{"line":256,"column":null}},"line":223}},"branchMap":{"0":{"loc":{"start":{"line":19,"column":27},"end":{"line":19,"column":null}},"type":"binary-expr","locations":[{"start":{"line":19,"column":27},"end":{"line":19,"column":68}},{"start":{"line":19,"column":68},"end":{"line":19,"column":null}}],"line":19},"1":{"loc":{"start":{"line":20,"column":25},"end":{"line":20,"column":null}},"type":"binary-expr","locations":[{"start":{"line":20,"column":25},"end":{"line":20,"column":64}},{"start":{"line":20,"column":64},"end":{"line":20,"column":null}}],"line":20},"2":{"loc":{"start":{"line":46,"column":2},"end":{"line":46,"column":null}},"type":"if","locations":[{"start":{"line":46,"column":2},"end":{"line":46,"column":null}},{"start":{},"end":{}}],"line":46},"3":{"loc":{"start":{"line":46,"column":6},"end":{"line":46,"column":64}},"type":"binary-expr","locations":[{"start":{"line":46,"column":6},"end":{"line":46,"column":32}},{"start":{"line":46,"column":32},"end":{"line":46,"column":64}}],"line":46},"4":{"loc":{"start":{"line":49,"column":19},"end":{"line":49,"column":null}},"type":"binary-expr","locations":[{"start":{"line":49,"column":19},"end":{"line":49,"column":54}},{"start":{"line":49,"column":54},"end":{"line":49,"column":null}}],"line":49},"5":{"loc":{"start":{"line":50,"column":20},"end":{"line":50,"column":null}},"type":"binary-expr","locations":[{"start":{"line":50,"column":20},"end":{"line":50,"column":56}},{"start":{"line":50,"column":56},"end":{"line":50,"column":null}}],"line":50},"6":{"loc":{"start":{"line":54,"column":4},"end":{"line":54,"column":null}},"type":"if","locations":[{"start":{"line":54,"column":4},"end":{"line":54,"column":null}},{"start":{},"end":{}}],"line":54},"7":{"loc":{"start":{"line":58,"column":13},"end":{"line":58,"column":null}},"type":"binary-expr","locations":[{"start":{"line":58,"column":13},"end":{"line":58,"column":38}},{"start":{"line":58,"column":38},"end":{"line":58,"column":null}}],"line":58},"8":{"loc":{"start":{"line":76,"column":4},"end":{"line":76,"column":null}},"type":"if","locations":[{"start":{"line":76,"column":4},"end":{"line":76,"column":null}},{"start":{},"end":{}}],"line":76},"9":{"loc":{"start":{"line":79,"column":13},"end":{"line":79,"column":null}},"type":"binary-expr","locations":[{"start":{"line":79,"column":13},"end":{"line":79,"column":28}},{"start":{"line":79,"column":28},"end":{"line":79,"column":null}}],"line":79},"10":{"loc":{"start":{"line":82,"column":6},"end":{"line":82,"column":null}},"type":"if","locations":[{"start":{"line":82,"column":6},"end":{"line":82,"column":null}},{"start":{},"end":{}}],"line":82},"11":{"loc":{"start":{"line":82,"column":10},"end":{"line":82,"column":38}},"type":"binary-expr","locations":[{"start":{"line":82,"column":10},"end":{"line":82,"column":16}},{"start":{"line":82,"column":16},"end":{"line":82,"column":38}}],"line":82},"12":{"loc":{"start":{"line":83,"column":6},"end":{"line":91,"column":null}},"type":"if","locations":[{"start":{"line":83,"column":6},"end":{"line":91,"column":null}},{"start":{},"end":{}}],"line":83},"13":{"loc":{"start":{"line":87,"column":10},"end":{"line":87,"column":null}},"type":"if","locations":[{"start":{"line":87,"column":10},"end":{"line":87,"column":null}},{"start":{},"end":{}}],"line":87},"14":{"loc":{"start":{"line":89,"column":10},"end":{"line":89,"column":null}},"type":"if","locations":[{"start":{"line":89,"column":10},"end":{"line":89,"column":null}},{"start":{},"end":{}}],"line":89},"15":{"loc":{"start":{"line":101,"column":17},"end":{"line":101,"column":null}},"type":"binary-expr","locations":[{"start":{"line":101,"column":17},"end":{"line":101,"column":52}},{"start":{"line":101,"column":52},"end":{"line":101,"column":null}}],"line":101},"16":{"loc":{"start":{"line":102,"column":18},"end":{"line":102,"column":null}},"type":"binary-expr","locations":[{"start":{"line":102,"column":18},"end":{"line":102,"column":54}},{"start":{"line":102,"column":54},"end":{"line":102,"column":null}}],"line":102},"17":{"loc":{"start":{"line":103,"column":16},"end":{"line":103,"column":null}},"type":"binary-expr","locations":[{"start":{"line":103,"column":16},"end":{"line":103,"column":34}},{"start":{"line":103,"column":34},"end":{"line":103,"column":null}}],"line":103},"18":{"loc":{"start":{"line":105,"column":22},"end":{"line":107,"column":null}},"type":"cond-expr","locations":[{"start":{"line":106,"column":6},"end":{"line":106,"column":null}},{"start":{"line":107,"column":6},"end":{"line":107,"column":null}}],"line":105},"19":{"loc":{"start":{"line":115,"column":16},"end":{"line":115,"column":null}},"type":"binary-expr","locations":[{"start":{"line":115,"column":16},"end":{"line":115,"column":39}},{"start":{"line":115,"column":39},"end":{"line":115,"column":null}}],"line":115},"20":{"loc":{"start":{"line":119,"column":2},"end":{"line":121,"column":null}},"type":"if","locations":[{"start":{"line":119,"column":2},"end":{"line":121,"column":null}},{"start":{},"end":{}}],"line":119},"21":{"loc":{"start":{"line":135,"column":2},"end":{"line":139,"column":null}},"type":"if","locations":[{"start":{"line":135,"column":2},"end":{"line":139,"column":null}},{"start":{},"end":{}}],"line":135},"22":{"loc":{"start":{"line":147,"column":2},"end":{"line":147,"column":null}},"type":"default-arg","locations":[{"start":{"line":147,"column":51},"end":{"line":147,"column":null}}],"line":147},"23":{"loc":{"start":{"line":150,"column":17},"end":{"line":150,"column":null}},"type":"binary-expr","locations":[{"start":{"line":150,"column":17},"end":{"line":150,"column":52}},{"start":{"line":150,"column":52},"end":{"line":150,"column":null}}],"line":150},"24":{"loc":{"start":{"line":151,"column":18},"end":{"line":151,"column":null}},"type":"binary-expr","locations":[{"start":{"line":151,"column":18},"end":{"line":151,"column":54}},{"start":{"line":151,"column":54},"end":{"line":151,"column":null}}],"line":151},"25":{"loc":{"start":{"line":152,"column":16},"end":{"line":152,"column":null}},"type":"binary-expr","locations":[{"start":{"line":152,"column":16},"end":{"line":152,"column":34}},{"start":{"line":152,"column":34},"end":{"line":152,"column":null}}],"line":152},"26":{"loc":{"start":{"line":154,"column":22},"end":{"line":156,"column":null}},"type":"cond-expr","locations":[{"start":{"line":155,"column":6},"end":{"line":155,"column":null}},{"start":{"line":156,"column":6},"end":{"line":156,"column":null}}],"line":154},"27":{"loc":{"start":{"line":164,"column":16},"end":{"line":164,"column":null}},"type":"binary-expr","locations":[{"start":{"line":164,"column":16},"end":{"line":164,"column":39}},{"start":{"line":164,"column":39},"end":{"line":164,"column":null}}],"line":164},"28":{"loc":{"start":{"line":167,"column":2},"end":{"line":169,"column":null}},"type":"if","locations":[{"start":{"line":167,"column":2},"end":{"line":169,"column":null}},{"start":{},"end":{}}],"line":167},"29":{"loc":{"start":{"line":171,"column":2},"end":{"line":173,"column":null}},"type":"if","locations":[{"start":{"line":171,"column":2},"end":{"line":173,"column":null}},{"start":{},"end":{}}],"line":171},"30":{"loc":{"start":{"line":190,"column":2},"end":{"line":194,"column":null}},"type":"if","locations":[{"start":{"line":190,"column":2},"end":{"line":194,"column":null}},{"start":{},"end":{}}],"line":190},"31":{"loc":{"start":{"line":205,"column":18},"end":{"line":205,"column":null}},"type":"binary-expr","locations":[{"start":{"line":205,"column":18},"end":{"line":205,"column":57}},{"start":{"line":205,"column":57},"end":{"line":205,"column":null}}],"line":205},"32":{"loc":{"start":{"line":206,"column":16},"end":{"line":206,"column":null}},"type":"binary-expr","locations":[{"start":{"line":206,"column":16},"end":{"line":206,"column":30}},{"start":{"line":206,"column":30},"end":{"line":206,"column":null}}],"line":206},"33":{"loc":{"start":{"line":217,"column":20},"end":{"line":217,"column":null}},"type":"binary-expr","locations":[{"start":{"line":217,"column":20},"end":{"line":217,"column":43}},{"start":{"line":217,"column":43},"end":{"line":217,"column":null}}],"line":217},"34":{"loc":{"start":{"line":218,"column":24},"end":{"line":218,"column":null}},"type":"binary-expr","locations":[{"start":{"line":218,"column":24},"end":{"line":218,"column":51}},{"start":{"line":218,"column":51},"end":{"line":218,"column":null}}],"line":218},"35":{"loc":{"start":{"line":241,"column":2},"end":{"line":245,"column":null}},"type":"if","locations":[{"start":{"line":241,"column":2},"end":{"line":245,"column":null}},{"start":{},"end":{}}],"line":241},"36":{"loc":{"start":{"line":250,"column":2},"end":{"line":252,"column":null}},"type":"if","locations":[{"start":{"line":250,"column":2},"end":{"line":252,"column":null}},{"start":{},"end":{}}],"line":250},"37":{"loc":{"start":{"line":250,"column":6},"end":{"line":250,"column":41}},"type":"binary-expr","locations":[{"start":{"line":250,"column":6},"end":{"line":250,"column":17}},{"start":{"line":250,"column":17},"end":{"line":250,"column":41}}],"line":250}},"s":{"0":2,"1":2,"2":2,"3":2,"4":2,"5":0,"6":0,"7":0,"8":0,"9":0,"10":0,"11":0,"12":0,"13":0,"14":0,"15":0,"16":0,"17":0,"18":0,"19":0,"20":0,"21":0,"22":0,"23":0,"24":0,"25":0,"26":0,"27":0,"28":0,"29":0,"30":0,"31":0,"32":0,"33":0,"34":0,"35":0,"36":0,"37":0,"38":0,"39":0,"40":0,"41":0,"42":0,"43":0,"44":0,"45":0,"46":0,"47":0,"48":0,"49":0,"50":0,"51":0,"52":0,"53":0,"54":0,"55":0,"56":0,"57":0,"58":0,"59":0,"60":0,"61":0,"62":0,"63":0,"64":0,"65":0,"66":0,"67":0,"68":0,"69":0,"70":0,"71":0,"72":0,"73":0,"74":0,"75":0,"76":0,"77":0,"78":0,"79":0,"80":0,"81":0,"82":0,"83":0,"84":0,"85":0,"86":0,"87":0,"88":0,"89":0,"90":0,"91":0,"92":0,"93":0,"94":0,"95":0,"96":0,"97":0},"f":{"0":0,"1":0,"2":0,"3":0,"4":0,"5":0},"b":{"0":[2,0],"1":[2,0],"2":[0,0],"3":[0,0],"4":[0,0],"5":[0,0],"6":[0,0],"7":[0,0],"8":[0,0],"9":[0,0],"10":[0,0],"11":[0,0],"12":[0,0],"13":[0,0],"14":[0,0],"15":[0,0],"16":[0,0],"17":[0,0],"18":[0,0],"19":[0,0],"20":[0,0],"21":[0,0],"22":[0],"23":[0,0],"24":[0,0],"25":[0,0],"26":[0,0],"27":[0,0],"28":[0,0],"29":[0,0],"30":[0,0],"31":[0,0],"32":[0,0],"33":[0,0],"34":[0,0],"35":[0,0],"36":[0,0],"37":[0,0]},"meta":{"lastBranch":38,"lastFunction":6,"lastStatement":98,"seen":{"s:18:28:18:Infinity":0,"s:19:27:19:Infinity":1,"b:19:27:19:68:19:68:19:Infinity":0,"s:20:25:20:Infinity":2,"b:20:25:20:64:20:64:20:Infinity":1,"s:41:69:41:Infinity":3,"s:42:22:42:Infinity":4,"f:44:22:44:105":0,"s:45:14:45:Infinity":5,"b:46:2:46:Infinity:undefined:undefined:undefined:undefined":2,"s:46:2:46:Infinity":6,"b:46:6:46:32:46:32:46:64":3,"s:46:64:46:Infinity":7,"s:48:2:67:Infinity":8,"s:49:19:49:Infinity":9,"b:49:19:49:54:49:54:49:Infinity":4,"s:50:20:50:Infinity":10,"b:50:20:50:56:50:56:50:Infinity":5,"s:51:21:53:Infinity":11,"b:54:4:54:Infinity:undefined:undefined:undefined:undefined":6,"s:54:4:54:Infinity":12,"s:54:22:54:Infinity":13,"s:55:18:55:Infinity":14,"s:56:4:60:Infinity":15,"f:56:28:56:32":1,"s:56:38:60:6":16,"b:58:13:58:38:58:38:58:Infinity":7,"s:61:4:61:Infinity":17,"s:62:4:62:Infinity":18,"s:63:4:63:Infinity":19,"s:65:4:65:Infinity":20,"s:66:4:66:Infinity":21,"f:70:23:70:45":2,"s:71:17:71:Infinity":22,"s:72:18:72:Infinity":23,"s:73:15:73:Infinity":24,"s:74:2:93:Infinity":25,"s:75:28:75:Infinity":26,"b:76:4:76:Infinity:undefined:undefined:undefined:undefined":8,"s:76:4:76:Infinity":27,"s:76:14:76:Infinity":28,"s:77:4:77:Infinity":29,"s:78:18:78:Infinity":30,"s:79:4:79:Infinity":31,"b:79:13:79:28:79:28:79:Infinity":9,"s:80:4:92:Infinity":32,"s:81:16:81:Infinity":33,"b:82:6:82:Infinity:undefined:undefined:undefined:undefined":10,"s:82:6:82:Infinity":34,"b:82:10:82:16:82:16:82:38":11,"s:82:38:82:Infinity":35,"b:83:6:91:Infinity:undefined:undefined:undefined:undefined":12,"s:83:6:91:Infinity":36,"s:84:8:90:Infinity":37,"s:85:23:85:Infinity":38,"s:86:28:86:Infinity":39,"b:87:10:87:Infinity:undefined:undefined:undefined:undefined":13,"s:87:10:87:Infinity":40,"s:87:25:87:Infinity":41,"s:88:26:88:Infinity":42,"b:89:10:89:Infinity:undefined:undefined:undefined:undefined":14,"s:89:10:89:Infinity":43,"s:89:23:89:Infinity":44,"f:96:22:96:Infinity":3,"s:101:17:101:Infinity":45,"b:101:17:101:52:101:52:101:Infinity":15,"s:102:18:102:Infinity":46,"b:102:18:102:54:102:54:102:Infinity":16,"s:103:16:103:Infinity":47,"b:103:16:103:34:103:34:103:Infinity":17,"s:105:22:107:Infinity":48,"b:106:6:106:Infinity:107:6:107:Infinity":18,"s:109:40:117:Infinity":49,"b:115:16:115:39:115:39:115:Infinity":19,"b:119:2:121:Infinity:undefined:undefined:undefined:undefined":20,"s:119:2:121:Infinity":50,"s:120:4:120:Infinity":51,"s:123:2:123:Infinity":52,"s:125:19:133:Infinity":53,"b:135:2:139:Infinity:undefined:undefined:undefined:undefined":21,"s:135:2:139:Infinity":54,"s:136:22:136:Infinity":55,"s:137:4:137:Infinity":56,"s:138:4:138:Infinity":57,"s:141:2:141:Infinity":58,"f:144:22:144:Infinity":4,"b:147:51:147:Infinity":22,"s:150:17:150:Infinity":59,"b:150:17:150:52:150:52:150:Infinity":23,"s:151:18:151:Infinity":60,"b:151:18:151:54:151:54:151:Infinity":24,"s:152:16:152:Infinity":61,"b:152:16:152:34:152:34:152:Infinity":25,"s:154:22:156:Infinity":62,"b:155:6:155:Infinity:156:6:156:Infinity":26,"s:158:40:165:Infinity":63,"b:164:16:164:39:164:39:164:Infinity":27,"b:167:2:169:Infinity:undefined:undefined:undefined:undefined":28,"s:167:2:169:Infinity":64,"s:168:4:168:Infinity":65,"b:171:2:173:Infinity:undefined:undefined:undefined:undefined":29,"s:171:2:173:Infinity":66,"s:172:4:172:Infinity":67,"s:175:16:175:Infinity":68,"s:176:2:176:Infinity":69,"s:178:19:186:Infinity":70,"s:188:18:188:Infinity":71,"b:190:2:194:Infinity:undefined:undefined:undefined:undefined":30,"s:190:2:194:Infinity":72,"s:191:22:191:Infinity":73,"s:192:4:192:Infinity":74,"s:193:4:193:Infinity":75,"s:196:14:196:Infinity":76,"s:198:2:203:Infinity":77,"s:199:20:199:Infinity":78,"s:200:4:200:Infinity":79,"s:202:4:202:Infinity":80,"s:205:18:205:Infinity":81,"b:205:18:205:57:205:57:205:Infinity":31,"s:206:16:206:Infinity":82,"b:206:16:206:30:206:30:206:Infinity":32,"s:208:2:212:Infinity":83,"s:214:2:220:Infinity":84,"b:217:20:217:43:217:43:217:Infinity":33,"b:218:24:218:51:218:51:218:Infinity":34,"f:223:22:223:40":5,"s:224:16:224:Infinity":85,"s:226:19:237:Infinity":86,"s:239:18:239:Infinity":87,"b:241:2:245:Infinity:undefined:undefined:undefined:undefined":35,"s:241:2:245:Infinity":88,"s:242:22:242:Infinity":89,"s:243:4:243:Infinity":90,"s:244:4:244:Infinity":91,"s:247:16:247:Infinity":92,"s:248:17:248:Infinity":93,"b:250:2:252:Infinity:undefined:undefined:undefined:undefined":36,"s:250:2:252:Infinity":94,"b:250:6:250:17:250:17:250:41":37,"s:251:4:251:Infinity":95,"s:254:2:254:Infinity":96,"s:255:2:255:Infinity":97},"fnNames":{}}}
,"C:\\Users\\Andres\\Desktop\\LMS-Exam\\backend\\src\\services\\chat\\chat.completion.service.ts": {"path":"C:\\Users\\Andres\\Desktop\\LMS-Exam\\backend\\src\\services\\chat\\chat.completion.service.ts","statementMap":{"0":{"start":{"line":10,"column":19},"end":{"line":10,"column":null}},"1":{"start":{"line":14,"column":12},"end":{"line":14,"column":null}},"2":{"start":{"line":15,"column":12},"end":{"line":15,"column":null}},"3":{"start":{"line":16,"column":12},"end":{"line":16,"column":null}},"4":{"start":{"line":17,"column":12},"end":{"line":17,"column":null}},"5":{"start":{"line":18,"column":12},"end":{"line":18,"column":null}},"6":{"start":{"line":19,"column":12},"end":{"line":19,"column":null}},"7":{"start":{"line":29,"column":21},"end":{"line":29,"column":null}},"8":{"start":{"line":30,"column":4},"end":{"line":30,"column":null}},"9":{"start":{"line":32,"column":4},"end":{"line":37,"column":null}},"10":{"start":{"line":39,"column":43},"end":{"line":39,"column":null}},"11":{"start":{"line":41,"column":24},"end":{"line":41,"column":null}},"12":{"start":{"line":43,"column":23},"end":{"line":43,"column":null}},"13":{"start":{"line":45,"column":4},"end":{"line":47,"column":null}},"14":{"start":{"line":46,"column":6},"end":{"line":46,"column":null}},"15":{"start":{"line":49,"column":25},"end":{"line":49,"column":null}},"16":{"start":{"line":50,"column":20},"end":{"line":50,"column":null}},"17":{"start":{"line":52,"column":23},"end":{"line":52,"column":null}},"18":{"start":{"line":53,"column":22},"end":{"line":53,"column":null}},"19":{"start":{"line":53,"column":39},"end":{"line":53,"column":59}},"20":{"start":{"line":55,"column":4},"end":{"line":71,"column":null}},"21":{"start":{"line":56,"column":21},"end":{"line":62,"column":null}},"22":{"start":{"line":64,"column":6},"end":{"line":64,"column":null}},"23":{"start":{"line":66,"column":6},"end":{"line":66,"column":null}},"24":{"start":{"line":68,"column":6},"end":{"line":68,"column":null}},"25":{"start":{"line":70,"column":6},"end":{"line":70,"column":null}}},"fnMap":{"0":{"name":"constructor","decl":{"start":{"line":13,"column":2},"end":{"line":13,"column":null}},"loc":{"start":{"line":20,"column":4},"end":{"line":20,"column":null}},"line":20},"1":{"name":"execute","decl":{"start":{"line":22,"column":8},"end":{"line":22,"column":null}},"loc":{"start":{"line":28,"column":35},"end":{"line":72,"column":null}},"line":28},"2":{"name":"(anonymous_2)","decl":{"start":{"line":45,"column":65},"end":{"line":45,"column":71}},"loc":{"start":{"line":46,"column":6},"end":{"line":46,"column":null}},"line":46},"3":{"name":"(anonymous_3)","decl":{"start":{"line":53,"column":22},"end":{"line":53,"column":39}},"loc":{"start":{"line":53,"column":39},"end":{"line":53,"column":59}},"line":53}},"branchMap":{"0":{"loc":{"start":{"line":35,"column":15},"end":{"line":35,"column":null}},"type":"binary-expr","locations":[{"start":{"line":35,"column":15},"end":{"line":35,"column":26}},{"start":{"line":35,"column":26},"end":{"line":35,"column":null}}],"line":35},"1":{"loc":{"start":{"line":36,"column":24},"end":{"line":36,"column":null}},"type":"binary-expr","locations":[{"start":{"line":36,"column":24},"end":{"line":36,"column":47}},{"start":{"line":36,"column":47},"end":{"line":36,"column":null}}],"line":36},"2":{"loc":{"start":{"line":43,"column":23},"end":{"line":43,"column":null}},"type":"cond-expr","locations":[{"start":{"line":43,"column":37},"end":{"line":43,"column":106}},{"start":{"line":43,"column":106},"end":{"line":43,"column":null}}],"line":43}},"s":{"0":2,"1":2,"2":2,"3":2,"4":2,"5":2,"6":2,"7":0,"8":0,"9":0,"10":0,"11":0,"12":0,"13":0,"14":0,"15":0,"16":0,"17":0,"18":0,"19":0,"20":0,"21":0,"22":0,"23":0,"24":0,"25":0},"f":{"0":2,"1":0,"2":0,"3":0},"b":{"0":[0,0],"1":[0,0],"2":[0,0]},"meta":{"lastBranch":3,"lastFunction":4,"lastStatement":26,"seen":{"s:10:19:10:Infinity":0,"f:13:2:13:Infinity":0,"s:14:12:14:Infinity":1,"s:15:12:15:Infinity":2,"s:16:12:16:Infinity":3,"s:17:12:17:Infinity":4,"s:18:12:18:Infinity":5,"s:19:12:19:Infinity":6,"f:22:8:22:Infinity":1,"s:29:21:29:Infinity":7,"s:30:4:30:Infinity":8,"s:32:4:37:Infinity":9,"b:35:15:35:26:35:26:35:Infinity":0,"b:36:24:36:47:36:47:36:Infinity":1,"s:39:43:39:Infinity":10,"s:41:24:41:Infinity":11,"s:43:23:43:Infinity":12,"b:43:37:43:106:43:106:43:Infinity":2,"s:45:4:47:Infinity":13,"f:45:65:45:71":2,"s:46:6:46:Infinity":14,"s:49:25:49:Infinity":15,"s:50:20:50:Infinity":16,"s:52:23:52:Infinity":17,"s:53:22:53:Infinity":18,"f:53:22:53:39":3,"s:53:39:53:59":19,"s:55:4:71:Infinity":20,"s:56:21:62:Infinity":21,"s:64:6:64:Infinity":22,"s:66:6:66:Infinity":23,"s:68:6:68:Infinity":24,"s:70:6:70:Infinity":25},"fnNames":{}}}
,"C:\\Users\\Andres\\Desktop\\LMS-Exam\\backend\\src\\services\\chat\\chat.embedding.service.ts": {"path":"C:\\Users\\Andres\\Desktop\\LMS-Exam\\backend\\src\\services\\chat\\chat.embedding.service.ts","statementMap":{"0":{"start":{"line":10,"column":4},"end":{"line":15,"column":null}},"1":{"start":{"line":11,"column":6},"end":{"line":11,"column":null}},"2":{"start":{"line":13,"column":6},"end":{"line":13,"column":null}},"3":{"start":{"line":14,"column":6},"end":{"line":14,"column":null}},"4":{"start":{"line":20,"column":4},"end":{"line":20,"column":null}},"5":{"start":{"line":20,"column":18},"end":{"line":20,"column":null}},"6":{"start":{"line":22,"column":19},"end":{"line":22,"column":null}},"7":{"start":{"line":23,"column":4},"end":{"line":33,"column":null}},"8":{"start":{"line":24,"column":6},"end":{"line":29,"column":null}},"9":{"start":{"line":25,"column":8},"end":{"line":25,"column":null}},"10":{"start":{"line":26,"column":8},"end":{"line":26,"column":null}},"11":{"start":{"line":26,"column":22},"end":{"line":26,"column":null}},"12":{"start":{"line":28,"column":8},"end":{"line":28,"column":null}},"13":{"start":{"line":30,"column":11},"end":{"line":33,"column":null}},"14":{"start":{"line":32,"column":6},"end":{"line":32,"column":null}},"15":{"start":{"line":34,"column":4},"end":{"line":34,"column":null}}},"fnMap":{"0":{"name":"generate","decl":{"start":{"line":9,"column":8},"end":{"line":9,"column":17}},"loc":{"start":{"line":9,"column":57},"end":{"line":16,"column":null}},"line":9},"1":{"name":"generateAndSave","decl":{"start":{"line":18,"column":8},"end":{"line":18,"column":24}},"loc":{"start":{"line":18,"column":114},"end":{"line":35,"column":null}},"line":18}},"branchMap":{"0":{"loc":{"start":{"line":20,"column":4},"end":{"line":20,"column":null}},"type":"if","locations":[{"start":{"line":20,"column":4},"end":{"line":20,"column":null}},{"start":{},"end":{}}],"line":20},"1":{"loc":{"start":{"line":23,"column":4},"end":{"line":33,"column":null}},"type":"if","locations":[{"start":{"line":23,"column":4},"end":{"line":33,"column":null}},{"start":{"line":30,"column":11},"end":{"line":33,"column":null}}],"line":23},"2":{"loc":{"start":{"line":26,"column":8},"end":{"line":26,"column":null}},"type":"if","locations":[{"start":{"line":26,"column":8},"end":{"line":26,"column":null}},{"start":{},"end":{}}],"line":26},"3":{"loc":{"start":{"line":30,"column":11},"end":{"line":33,"column":null}},"type":"if","locations":[{"start":{"line":30,"column":11},"end":{"line":33,"column":null}},{"start":{},"end":{}}],"line":30}},"s":{"0":0,"1":0,"2":0,"3":0,"4":0,"5":0,"6":0,"7":0,"8":0,"9":0,"10":0,"11":0,"12":0,"13":0,"14":0,"15":0},"f":{"0":0,"1":0},"b":{"0":[0,0],"1":[0,0],"2":[0,0],"3":[0,0]},"meta":{"lastBranch":4,"lastFunction":2,"lastStatement":16,"seen":{"f:9:8:9:17":0,"s:10:4:15:Infinity":0,"s:11:6:11:Infinity":1,"s:13:6:13:Infinity":2,"s:14:6:14:Infinity":3,"f:18:8:18:24":1,"b:20:4:20:Infinity:undefined:undefined:undefined:undefined":0,"s:20:4:20:Infinity":4,"s:20:18:20:Infinity":5,"s:22:19:22:Infinity":6,"b:23:4:33:Infinity:30:11:33:Infinity":1,"s:23:4:33:Infinity":7,"s:24:6:29:Infinity":8,"s:25:8:25:Infinity":9,"b:26:8:26:Infinity:undefined:undefined:undefined:undefined":2,"s:26:8:26:Infinity":10,"s:26:22:26:Infinity":11,"s:28:8:28:Infinity":12,"b:30:11:33:Infinity:undefined:undefined:undefined:undefined":3,"s:30:11:33:Infinity":13,"s:32:6:32:Infinity":14,"s:34:4:34:Infinity":15},"fnNames":{}}}
,"C:\\Users\\Andres\\Desktop\\LMS-Exam\\backend\\src\\services\\chat\\chat.model-router.ts": {"path":"C:\\Users\\Andres\\Desktop\\LMS-Exam\\backend\\src\\services\\chat\\chat.model-router.ts","statementMap":{"0":{"start":{"line":10,"column":25},"end":{"line":10,"column":null}},"1":{"start":{"line":14,"column":18},"end":{"line":14,"column":null}},"2":{"start":{"line":15,"column":4},"end":{"line":20,"column":null}},"3":{"start":{"line":18,"column":45},"end":{"line":18,"column":76}},"4":{"start":{"line":24,"column":4},"end":{"line":26,"column":null}},"5":{"start":{"line":25,"column":6},"end":{"line":25,"column":null}}},"fnMap":{"0":{"name":"resolve","decl":{"start":{"line":13,"column":2},"end":{"line":13,"column":10}},"loc":{"start":{"line":13,"column":43},"end":{"line":21,"column":null}},"line":13},"1":{"name":"(anonymous_1)","decl":{"start":{"line":18,"column":35},"end":{"line":18,"column":40}},"loc":{"start":{"line":18,"column":45},"end":{"line":18,"column":76}},"line":18},"2":{"name":"validateMultimodal","decl":{"start":{"line":23,"column":2},"end":{"line":23,"column":21}},"loc":{"start":{"line":23,"column":91},"end":{"line":27,"column":null}},"line":23}},"branchMap":{"0":{"loc":{"start":{"line":14,"column":18},"end":{"line":14,"column":null}},"type":"binary-expr","locations":[{"start":{"line":14,"column":18},"end":{"line":14,"column":29}},{"start":{"line":14,"column":29},"end":{"line":14,"column":null}}],"line":14},"1":{"loc":{"start":{"line":17,"column":13},"end":{"line":17,"column":null}},"type":"binary-expr","locations":[{"start":{"line":17,"column":13},"end":{"line":17,"column":39}},{"start":{"line":17,"column":39},"end":{"line":17,"column":null}}],"line":17},"2":{"loc":{"start":{"line":24,"column":4},"end":{"line":26,"column":null}},"type":"if","locations":[{"start":{"line":24,"column":4},"end":{"line":26,"column":null}},{"start":{},"end":{}}],"line":24},"3":{"loc":{"start":{"line":24,"column":8},"end":{"line":24,"column":71}},"type":"binary-expr","locations":[{"start":{"line":24,"column":8},"end":{"line":24,"column":23}},{"start":{"line":24,"column":23},"end":{"line":24,"column":49}},{"start":{"line":24,"column":49},"end":{"line":24,"column":71}}],"line":24}},"s":{"0":2,"1":0,"2":0,"3":0,"4":0,"5":0},"f":{"0":0,"1":0,"2":0},"b":{"0":[0,0],"1":[0,0],"2":[0,0],"3":[0,0,0]},"meta":{"lastBranch":4,"lastFunction":3,"lastStatement":6,"seen":{"s:10:25:10:Infinity":0,"f:13:2:13:10":0,"s:14:18:14:Infinity":1,"b:14:18:14:29:14:29:14:Infinity":0,"s:15:4:20:Infinity":2,"b:17:13:17:39:17:39:17:Infinity":1,"f:18:35:18:40":1,"s:18:45:18:76":3,"f:23:2:23:21":2,"b:24:4:26:Infinity:undefined:undefined:undefined:undefined":2,"s:24:4:26:Infinity":4,"b:24:8:24:23:24:23:24:49:24:49:24:71":3,"s:25:6:25:Infinity":5},"fnNames":{}}}
,"C:\\Users\\Andres\\Desktop\\LMS-Exam\\backend\\src\\services\\chat\\chat.persistence.service.ts": {"path":"C:\\Users\\Andres\\Desktop\\LMS-Exam\\backend\\src\\services\\chat\\chat.persistence.service.ts","statementMap":{"0":{"start":{"line":7,"column":4},"end":{"line":7,"column":null}},"1":{"start":{"line":11,"column":4},"end":{"line":11,"column":null}},"2":{"start":{"line":15,"column":18},"end":{"line":15,"column":25}},"3":{"start":{"line":16,"column":21},"end":{"line":16,"column":28}},"4":{"start":{"line":17,"column":4},"end":{"line":17,"column":null}},"5":{"start":{"line":18,"column":4},"end":{"line":18,"column":null}},"6":{"start":{"line":19,"column":4},"end":{"line":19,"column":null}},"7":{"start":{"line":23,"column":18},"end":{"line":23,"column":25}},"8":{"start":{"line":24,"column":4},"end":{"line":24,"column":null}},"9":{"start":{"line":25,"column":4},"end":{"line":25,"column":null}},"10":{"start":{"line":26,"column":4},"end":{"line":26,"column":null}},"11":{"start":{"line":30,"column":4},"end":{"line":30,"column":null}}},"fnMap":{"0":{"name":"saveUserMessage","decl":{"start":{"line":6,"column":2},"end":{"line":6,"column":18}},"loc":{"start":{"line":6,"column":91},"end":{"line":8,"column":null}},"line":6},"1":{"name":"saveAssistantMessage","decl":{"start":{"line":10,"column":2},"end":{"line":10,"column":23}},"loc":{"start":{"line":10,"column":96},"end":{"line":12,"column":null}},"line":10},"2":{"name":"saveUserMessageWithOutbox","decl":{"start":{"line":14,"column":2},"end":{"line":14,"column":28}},"loc":{"start":{"line":14,"column":117},"end":{"line":20,"column":null}},"line":14},"3":{"name":"saveAssistantMessageWithOutbox","decl":{"start":{"line":22,"column":2},"end":{"line":22,"column":33}},"loc":{"start":{"line":22,"column":93},"end":{"line":27,"column":null}},"line":22},"4":{"name":"getSessionMessages","decl":{"start":{"line":29,"column":2},"end":{"line":29,"column":21}},"loc":{"start":{"line":29,"column":56},"end":{"line":31,"column":null}},"line":29}},"branchMap":{},"s":{"0":0,"1":0,"2":0,"3":0,"4":0,"5":0,"6":0,"7":0,"8":0,"9":0,"10":0,"11":0},"f":{"0":0,"1":0,"2":0,"3":0,"4":0},"b":{},"meta":{"lastBranch":0,"lastFunction":5,"lastStatement":12,"seen":{"f:6:2:6:18":0,"s:7:4:7:Infinity":0,"f:10:2:10:23":1,"s:11:4:11:Infinity":1,"f:14:2:14:28":2,"s:15:18:15:25":2,"s:16:21:16:28":3,"s:17:4:17:Infinity":4,"s:18:4:18:Infinity":5,"s:19:4:19:Infinity":6,"f:22:2:22:33":3,"s:23:18:23:25":7,"s:24:4:24:Infinity":8,"s:25:4:25:Infinity":9,"s:26:4:26:Infinity":10,"f:29:2:29:21":4,"s:30:4:30:Infinity":11},"fnNames":{}}}
[...]
"column":4},"end":{"line":17,"column":null}},"type":"if","locations":[{"start":{"line":15,"column":4},"end":{"line":17,"column":null}},{"start":{},"end":{}}],"line":15},"1":{"loc":{"start":{"line":19,"column":4},"end":{"line":21,"column":null}},"type":"if","locations":[{"start":{"line":19,"column":4},"end":{"line":21,"column":null}},{"start":{},"end":{}}],"line":19},"2":{"loc":{"start":{"line":28,"column":4},"end":{"line":38,"column":null}},"type":"if","locations":[{"start":{"line":28,"column":4},"end":{"line":38,"column":null}},{"start":{},"end":{}}],"line":28},"3":{"loc":{"start":{"line":28,"column":8},"end":{"line":28,"column":47}},"type":"binary-expr","locations":[{"start":{"line":28,"column":8},"end":{"line":28,"column":23}},{"start":{"line":28,"column":23},"end":{"line":28,"column":47}}],"line":28},"4":{"loc":{"start":{"line":30,"column":8},"end":{"line":36,"column":null}},"type":"if","locations":[{"start":{"line":30,"column":8},"end":{"line":36,"column":null}},{"start":{"line":32,"column":15},"end":{"line":36,"column":null}}],"line":30},"5":{"loc":{"start":{"line":32,"column":15},"end":{"line":36,"column":null}},"type":"if","locations":[{"start":{"line":32,"column":15},"end":{"line":36,"column":null}},{"start":{"line":34,"column":15},"end":{"line":36,"column":null}}],"line":32},"6":{"loc":{"start":{"line":34,"column":15},"end":{"line":36,"column":null}},"type":"if","locations":[{"start":{"line":34,"column":15},"end":{"line":36,"column":null}},{"start":{},"end":{}}],"line":34}},"s":{"0":0,"1":0,"2":0,"3":0,"4":0,"5":0,"6":0,"7":6,"8":6,"9":4,"10":6,"11":2,"12":4,"13":2,"14":2,"15":2,"16":6},"f":{"0":0,"1":6},"b":{"0":[0,0],"1":[0,0],"2":[4,2],"3":[6,5],"4":[2,4],"5":[2,2],"6":[2,0]},"meta":{"lastBranch":7,"lastFunction":2,"lastStatement":17,"seen":{"f:11:2:11:20":0,"s:12:17:12:Infinity":0,"s:14:20:14:Infinity":1,"b:15:4:17:Infinity:undefined:undefined:undefined:undefined":0,"s:15:4:17:Infinity":2,"s:16:6:16:Infinity":3,"b:19:4:21:Infinity:undefined:undefined:undefined:undefined":1,"s:19:4:21:Infinity":4,"s:20:6:20:Infinity":5,"s:22:4:22:Infinity":6,"f:25:2:25:15":1,"s:26:52:26:Infinity":7,"b:28:4:38:Infinity:undefined:undefined:undefined:undefined":2,"s:28:4:38:Infinity":8,"b:28:8:28:23:28:23:28:47":3,"s:29:6:37:Infinity":9,"b:30:8:36:Infinity:32:15:36:Infinity":4,"s:30:8:36:Infinity":10,"s:31:10:31:Infinity":11,"b:32:15:36:Infinity:34:15:36:Infinity":5,"s:32:15:36:Infinity":12,"s:33:10:33:Infinity":13,"b:34:15:36:Infinity:undefined:undefined:undefined:undefined":6,"s:34:15:36:Infinity":14,"s:35:10:35:Infinity":15,"s:40:4:40:Infinity":16},"fnNames":{}}}
,"C:\\Users\\Andres\\Desktop\\LMS-Exam\\backend\\src\\services\\chat\\chat.rag.service.ts": {"path":"C:\\Users\\Andres\\Desktop\\LMS-Exam\\backend\\src\\services\\chat\\chat.rag.service.ts","statementMap":{"0":{"start":{"line":5,"column":27},"end":{"line":5,"column":null}},"1":{"start":{"line":6,"column":18},"end":{"line":6,"column":null}},"2":{"start":{"line":10,"column":4},"end":{"line":34,"column":null}},"3":{"start":{"line":11,"column":29},"end":{"line":11,"column":null}},"4":{"start":{"line":12,"column":23},"end":{"line":12,"column":null}},"5":{"start":{"line":12,"column":50},"end":{"line":12,"column":82}},"6":{"start":{"line":14,"column":6},"end":{"line":14,"column":null}},"7":{"start":{"line":14,"column":48},"end":{"line":14,"column":null}},"8":{"start":{"line":16,"column":19},"end":{"line":16,"column":null}},"9":{"start":{"line":17,"column":6},"end":{"line":22,"column":null}},"10":{"start":{"line":23,"column":6},"end":{"line":23,"column":null}},"11":{"start":{"line":23,"column":29},"end":{"line":23,"column":null}},"12":{"start":{"line":25,"column":27},"end":{"line":28,"column":null}},"13":{"start":{"line":26,"column":26},"end":{"line":26,"column":null}},"14":{"start":{"line":27,"column":8},"end":{"line":27,"column":null}},"15":{"start":{"line":30,"column":6},"end":{"line":30,"column":null}},"16":{"start":{"line":32,"column":6},"end":{"line":32,"column":null}},"17":{"start":{"line":33,"column":6},"end":{"line":33,"column":null}}},"fnMap":{"0":{"name":"buildContext","decl":{"start":{"line":9,"column":8},"end":{"line":9,"column":21}},"loc":{"start":{"line":9,"column":103},"end":{"line":35,"column":null}},"line":9},"1":{"name":"(anonymous_1)","decl":{"start":{"line":12,"column":38},"end":{"line":12,"column":45}},"loc":{"start":{"line":12,"column":50},"end":{"line":12,"column":82}},"line":12},"2":{"name":"(anonymous_2)","decl":{"start":{"line":25,"column":32},"end":{"line":25,"column":37}},"loc":{"start":{"line":25,"column":49},"end":{"line":28,"column":7}},"line":25}},"branchMap":{"0":{"loc":{"start":{"line":14,"column":6},"end":{"line":14,"column":null}},"type":"if","locations":[{"start":{"line":14,"column":6},"end":{"line":14,"column":null}},{"start":{},"end":{}}],"line":14},"1":{"loc":{"start":{"line":20,"column":19},"end":{"line":20,"column":null}},"type":"cond-expr","locations":[{"start":{"line":20,"column":37},"end":{"line":20,"column":78}},{"start":{"line":20,"column":78},"end":{"line":20,"column":null}}],"line":20},"2":{"loc":{"start":{"line":21,"column":19},"end":{"line":21,"column":null}},"type":"cond-expr","locations":[{"start":{"line":21,"column":37},"end":{"line":21,"column":64}},{"start":{"line":21,"column":64},"end":{"line":21,"column":null}}],"line":21},"3":{"loc":{"start":{"line":23,"column":6},"end":{"line":23,"column":null}},"type":"if","locations":[{"start":{"line":23,"column":6},"end":{"line":23,"column":null}},{"start":{},"end":{}}],"line":23},"4":{"loc":{"start":{"line":26,"column":26},"end":{"line":26,"column":null}},"type":"cond-expr","locations":[{"start":{"line":26,"column":54},"end":{"line":26,"column":82}},{"start":{"line":26,"column":82},"end":{"line":26,"column":null}}],"line":26}},"s":{"0":2,"1":2,"2":0,"3":0,"4":0,"5":0,"6":0,"7":0,"8":0,"9":0,"10":0,"11":0,"12":0,"13":0,"14":0,"15":0,"16":0,"17":0},"f":{"0":0,"1":0,"2":0},"b":{"0":[0,0],"1":[0,0],"2":[0,0],"3":[0,0],"4":[0,0]},"meta":{"lastBranch":5,"lastFunction":3,"lastStatement":18,"seen":{"s:5:27:5:Infinity":0,"s:6:18:6:Infinity":1,"f:9:8:9:21":0,"s:10:4:34:Infinity":2,"s:11:29:11:Infinity":3,"s:12:23:12:Infinity":4,"f:12:38:12:45":1,"s:12:50:12:82":5,"b:14:6:14:Infinity:undefined:undefined:undefined:undefined":0,"s:14:6:14:Infinity":6,"s:14:48:14:Infinity":7,"s:16:19:16:Infinity":8,"s:17:6:22:Infinity":9,"b:20:37:20:78:20:78:20:Infinity":1,"b:21:37:21:64:21:64:21:Infinity":2,"b:23:6:23:Infinity:undefined:undefined:undefined:undefined":3,"s:23:6:23:Infinity":10,"s:23:29:23:Infinity":11,"s:25:27:28:Infinity":12,"f:25:32:25:37":2,"s:26:26:26:Infinity":13,"b:26:54:26:82:26:82:26:Infinity":4,"s:27:8:27:Infinity":14,"s:30:6:30:Infinity":15,"s:32:6:32:Infinity":16,"s:33:6:33:Infinity":17},"fnNames":{}}}
,"C:\\Users\\Andres\\Desktop\\LMS-Exam\\backend\\src\\services\\chat\\chat.streaming.service.ts": {"path":"C:\\Users\\Andres\\Desktop\\LMS-Exam\\backend\\src\\services\\chat\\chat.streaming.service.ts","statementMap":{"0":{"start":{"line":10,"column":19},"end":{"line":10,"column":null}},"1":{"start":{"line":14,"column":12},"end":{"line":14,"column":null}},"2":{"start":{"line":15,"column":12},"end":{"line":15,"column":null}},"3":{"start":{"line":16,"column":12},"end":{"line":16,"column":null}},"4":{"start":{"line":17,"column":12},"end":{"line":17,"column":null}},"5":{"start":{"line":18,"column":12},"end":{"line":18,"column":null}},"6":{"start":{"line":19,"column":12},"end":{"line":19,"column":null}},"7":{"start":{"line":29,"column":21},"end":{"line":29,"column":null}},"8":{"start":{"line":30,"column":4},"end":{"line":30,"column":null}},"9":{"start":{"line":32,"column":43},"end":{"line":32,"column":null}},"10":{"start":{"line":34,"column":24},"end":{"line":34,"column":null}},"11":{"start":{"line":36,"column":23},"end":{"line":36,"column":null}},"12":{"start":{"line":38,"column":4},"end":{"line":40,"column":null}},"13":{"start":{"line":39,"column":6},"end":{"line":39,"column":null}},"14":{"start":{"line":42,"column":25},"end":{"line":42,"column":null}},"15":{"start":{"line":43,"column":20},"end":{"line":43,"column":null}},"16":{"start":{"line":45,"column":23},"end":{"line":45,"column":null}},"17":{"start":{"line":46,"column":22},"end":{"line":46,"column":null}},"18":{"start":{"line":46,"column":39},"end":{"line":46,"column":59}},"19":{"start":{"line":49,"column":4},"end":{"line":56,"column":null}},"20":{"start":{"line":50,"column":23},"end":{"line":52,"column":null}},"21":{"start":{"line":53,"column":6},"end":{"line":53,"column":null}},"22":{"start":{"line":55,"column":6},"end":{"line":55,"column":null}},"23":{"start":{"line":58,"column":27},"end":{"line":58,"column":null}},"24":{"start":{"line":61,"column":25},"end":{"line":61,"column":null}},"25":{"start":{"line":62,"column":6},"end":{"line":73,"column":null}},"26":{"start":{"line":63,"column":8},"end":{"line":68,"column":null}},"27":{"start":{"line":64,"column":10},"end":{"line":66,"column":null}},"28":{"start":{"line":65,"column":12},"end":{"line":65,"column":null}},"29":{"start":{"line":67,"column":10},"end":{"line":67,"column":null}},"30":{"start":{"line":70,"column":8},"end":{"line":72,"column":null}},"31":{"start":{"line":71,"column":10},"end":{"line":71,"column":null}},"32":{"start":{"line":76,"column":4},"end":{"line":76,"column":null}}},"fnMap":{"0":{"name":"constructor","decl":{"start":{"line":13,"column":2},"end":{"line":13,"column":null}},"loc":{"start":{"line":20,"column":4},"end":{"line":20,"column":null}},"line":20},"1":{"name":"execute","decl":{"start":{"line":22,"column":9},"end":{"line":22,"column":null}},"loc":{"start":{"line":28,"column":33},"end":{"line":77,"column":null}},"line":28},"2":{"name":"(anonymous_2)","decl":{"start":{"line":38,"column":65},"end":{"line":38,"column":71}},"loc":{"start":{"line":39,"column":6},"end":{"line":39,"column":null}},"line":39},"3":{"name":"(anonymous_3)","decl":{"start":{"line":46,"column":22},"end":{"line":46,"column":39}},"loc":{"start":{"line":46,"column":39},"end":{"line":46,"column":59}},"line":46},"4":{"name":"persistedStream","decl":{"start":{"line":60,"column":20},"end":{"line":60,"column":36}},"loc":{"start":{"line":60,"column":93},"end":{"line":74,"column":null}},"line":60}},"branchMap":{"0":{"loc":{"start":{"line":36,"column":23},"end":{"line":36,"column":null}},"type":"cond-expr","locations":[{"start":{"line":36,"column":37},"end":{"line":36,"column":106}},{"start":{"line":36,"column":106},"end":{"line":36,"column":null}}],"line":36},"1":{"loc":{"start":{"line":64,"column":10},"end":{"line":66,"column":null}},"type":"if","locations":[{"start":{"line":64,"column":10},"end":{"line":66,"column":null}},{"start":{},"end":{}}],"line":64},"2":{"loc":{"start":{"line":70,"column":8},"end":{"line":72,"column":null}},"type":"if","locations":[{"start":{"line":70,"column":8},"end":{"line":72,"column":null}},{"start":{},"end":{}}],"line":70}},"s":{"0":2,"1":2,"2":2,"3":2,"4":2,"5":2,"6":2,"7":0,"8":0,"9":0,"10":0,"11":0,"12":0,"13":0,"14":0,"15":0,"16":0,"17":0,"18":0,"19":0,"20":0,"21":0,"22":0,"23":0,"24":0,"25":0,"26":0,"27":0,"28":0,"29":0,"30":0,"31":0,"32":0},"f":{"0":2,"1":0,"2":0,"3":0,"4":0},"b":{"0":[0,0],"1":[0,0],"2":[0,0]},"meta":{"lastBranch":3,"lastFunction":5,"lastStatement":33,"seen":{"s:10:19:10:Infinity":0,"f:13:2:13:Infinity":0,"s:14:12:14:Infinity":1,"s:15:12:15:Infinity":2,"s:16:12:16:Infinity":3,"s:17:12:17:Infinity":4,"s:18:12:18:Infinity":5,"s:19:12:19:Infinity":6,"f:22:9:22:Infinity":1,"s:29:21:29:Infinity":7,"s:30:4:30:Infinity":8,"s:32:43:32:Infinity":9,"s:34:24:34:Infinity":10,"s:36:23:36:Infinity":11,"b:36:37:36:106:36:106:36:Infinity":0,"s:38:4:40:Infinity":12,"f:38:65:38:71":2,"s:39:6:39:Infinity":13,"s:42:25:42:Infinity":14,"s:43:20:43:Infinity":15,"s:45:23:45:Infinity":16,"s:46:22:46:Infinity":17,"f:46:22:46:39":3,"s:46:39:46:59":18,"s:49:4:56:Infinity":19,"s:50:23:52:Infinity":20,"s:53:6:53:Infinity":21,"s:55:6:55:Infinity":22,"s:58:27:58:Infinity":23,"f:60:20:60:36":4,"s:61:25:61:Infinity":24,"s:62:6:73:Infinity":25,"s:63:8:68:Infinity":26,"b:64:10:66:Infinity:undefined:undefined:undefined:undefined":1,"s:64:10:66:Infinity":27,"s:65:12:65:Infinity":28,"s:67:10:67:Infinity":29,"b:70:8:72:Infinity:undefined:undefined:undefined:undefined":2,"s:70:8:72:Infinity":30,"s:71:10:71:Infinity":31,"s:76:4:76:Infinity":32},"fnNames":{}}}
,"C:\\Users\\Andres\\Desktop\\LMS-Exam\\backend\\src\\utils\\logger.ts": {"path":"C:\\Users\\Andres\\Desktop\\LMS-Exam\\backend\\src\\utils\\logger.ts","statementMap":{"0":{"start":{"line":7,"column":19},"end":{"line":7,"column":null}},"1":{"start":{"line":8,"column":18},"end":{"line":8,"column":null}},"2":{"start":{"line":9,"column":16},"end":{"line":9,"column":null}},"3":{"start":{"line":11,"column":22},"end":{"line":18,"column":null}},"4":{"start":{"line":20,"column":25},"end":{"line":30,"column":null}},"5":{"start":{"line":26,"column":26},"end":{"line":26,"column":null}},"6":{"start":{"line":27,"column":10},"end":{"line":27,"column":null}},"7":{"start":{"line":32,"column":22},"end":{"line":40,"column":null}}},"fnMap":{"0":{"name":"(anonymous_0)","decl":{"start":{"line":25,"column":23},"end":{"line":25,"column":31}},"loc":{"start":{"line":25,"column":74},"end":{"line":28,"column":9}},"line":25}},"branchMap":{"0":{"loc":{"start":{"line":21,"column":10},"end":{"line":29,"column":null}},"type":"cond-expr","locations":[{"start":{"line":22,"column":6},"end":{"line":22,"column":null}},{"start":{"line":23,"column":6},"end":{"line":29,"column":null}}],"line":21},"1":{"loc":{"start":{"line":26,"column":26},"end":{"line":26,"column":null}},"type":"cond-expr","locations":[{"start":{"line":26,"column":53},"end":{"line":26,"column":82}},{"start":{"line":26,"column":82},"end":{"line":26,"column":null}}],"line":26},"2":{"loc":{"start":{"line":33,"column":9},"end":{"line":33,"column":null}},"type":"cond-expr","locations":[{"start":{"line":33,"column":25},"end":{"line":33,"column":34}},{"start":{"line":33,"column":34},"end":{"line":33,"column":null}}],"line":33}},"s":{"0":2,"1":2,"2":2,"3":2,"4":2,"5":0,"6":0,"7":2},"f":{"0":0},"b":{"0":[0,2],"1":[0,0],"2":[0,2]},"meta":{"lastBranch":3,"lastFunction":1,"lastStatement":8,"seen":{"s:7:19:7:Infinity":0,"s:8:18:8:Infinity":1,"s:9:16:9:Infinity":2,"s:11:22:18:Infinity":3,"s:20:25:30:Infinity":4,"b:22:6:22:Infinity:23:6:29:Infinity":0,"f:25:23:25:31":0,"s:26:26:26:Infinity":5,"b:26:53:26:82:26:82:26:Infinity":1,"s:27:10:27:Infinity":6,"s:32:22:40:Infinity":7,"b:33:25:33:34:33:34:33:Infinity":2},"fnNames":{}}}
,"C:\\Users\\Andres\\Desktop\\LMS-Exam\\backend\\src\\utils\\vector.ts": {"path":"C:\\Users\\Andres\\Desktop\\LMS-Exam\\backend\\src\\utils\\vector.ts","statementMap":{"0":{"start":{"line":1,"column":33},"end":{"line":1,"column":null}},"1":{"start":{"line":4,"column":2},"end":{"line":4,"column":null}},"2":{"start":{"line":4,"column":29},"end":{"line":4,"column":null}},"3":{"start":{"line":6,"column":12},"end":{"line":6,"column":15}},"4":{"start":{"line":6,"column":23},"end":{"line":6,"column":26}},"5":{"start":{"line":6,"column":34},"end":{"line":6,"column":null}},"6":{"start":{"line":7,"column":2},"end":{"line":11,"column":null}},"7":{"start":{"line":7,"column":15},"end":{"line":7,"column":18}},"8":{"start":{"line":8,"column":4},"end":{"line":8,"column":null}},"9":{"start":{"line":9,"column":4},"end":{"line":9,"column":null}},"10":{"start":{"line":10,"column":4},"end":{"line":10,"column":null}},"11":{"start":{"line":13,"column":16},"end":{"line":13,"column":null}},"12":{"start":{"line":14,"column":2},"end":{"line":14,"column":null}},"13":{"start":{"line":23,"column":2},"end":{"line":23,"column":null}},"14":{"start":{"line":23,"column":26},"end":{"line":23,"column":null}},"15":{"start":{"line":24,"column":17},"end":{"line":31,"column":null}},"16":{"start":{"line":25,"column":18},"end":{"line":29,"column":6}},"17":{"start":{"line":30,"column":20},"end":{"line":30,"column":42}},"18":{"start":{"line":31,"column":20},"end":{"line":31,"column":37}},"19":{"start":{"line":32,"column":2},"end":{"line":32,"column":null}}},"fnMap":{"0":{"name":"cosineSimilarity","decl":{"start":{"line":3,"column":16},"end":{"line":3,"column":33}},"loc":{"start":{"line":3,"column":67},"end":{"line":15,"column":null}},"line":3},"1":{"name":"findTopK","decl":{"start":{"line":17,"column":16},"end":{"line":17,"column":null}},"loc":{"start":{"line":22,"column":60},"end":{"line":33,"column":null}},"line":22},"2":{"name":"(anonymous_2)","decl":{"start":{"line":25,"column":5},"end":{"line":25,"column":9}},"loc":{"start":{"line":25,"column":18},"end":{"line":29,"column":6}},"line":25},"3":{"name":"(anonymous_3)","decl":{"start":{"line":30,"column":5},"end":{"line":30,"column":12}},"loc":{"start":{"line":30,"column":20},"end":{"line":30,"column":42}},"line":30},"4":{"name":"(anonymous_4)","decl":{"start":{"line":31,"column":5},"end":{"line":31,"column":11}},"loc":{"start":{"line":31,"column":20},"end":{"line":31,"column":37}},"line":31}},"branchMap":{"0":{"loc":{"start":{"line":1,"column":44},"end":{"line":1,"column":84}},"type":"binary-expr","locations":[{"start":{"line":1,"column":44},"end":{"line":1,"column":78}},{"start":{"line":1,"column":78},"end":{"line":1,"column":84}}],"line":1},"1":{"loc":{"start":{"line":4,"column":2},"end":{"line":4,"column":null}},"type":"if","locations":[{"start":{"line":4,"column":2},"end":{"line":4,"column":null}},{"start":{},"end":{}}],"line":4},"2":{"loc":{"start":{"line":14,"column":9},"end":{"line":14,"column":null}},"type":"cond-expr","locations":[{"start":{"line":14,"column":23},"end":{"line":14,"column":27}},{"start":{"line":14,"column":27},"end":{"line":14,"column":null}}],"line":14},"3":{"loc":{"start":{"line":21,"column":2},"end":{"line":21,"column":null}},"type":"default-arg","locations":[{"start":{"line":21,"column":21},"end":{"line":21,"column":null}}],"line":21},"4":{"loc":{"start":{"line":23,"column":2},"end":{"line":23,"column":null}},"type":"if","locations":[{"start":{"line":23,"column":2},"end":{"line":23,"column":null}},{"start":{},"end":{}}],"line":23}},"s":{"0":3,"1":16,"2":1,"3":15,"4":15,"5":15,"6":15,"7":15,"8":32,"9":32,"10":32,"11":15,"12":15,"13":5,"14":1,"15":4,"16":11,"17":11,"18":4,"19":4},"f":{"0":16,"1":5,"2":11,"3":11,"4":4},"b":{"0":[3,3],"1":[1,15],"2":[1,14],"3":[5],"4":[1,4]},"meta":{"lastBranch":5,"lastFunction":5,"lastStatement":20,"seen":{"s:1:33:1:Infinity":0,"b:1:44:1:78:1:78:1:84":0,"f:3:16:3:33":0,"b:4:2:4:Infinity:undefined:undefined:undefined:undefined":1,"s:4:2:4:Infinity":1,"s:4:29:4:Infinity":2,"s:6:12:6:15":3,"s:6:23:6:26":4,"s:6:34:6:Infinity":5,"s:7:2:11:Infinity":6,"s:7:15:7:18":7,"s:8:4:8:Infinity":8,"s:9:4:9:Infinity":9,"s:10:4:10:Infinity":10,"s:13:16:13:Infinity":11,"s:14:2:14:Infinity":12,"b:14:23:14:27:14:27:14:Infinity":2,"f:17:16:17:Infinity":1,"b:21:21:21:Infinity":3,"b:23:2:23:Infinity:undefined:undefined:undefined:undefined":4,"s:23:2:23:Infinity":13,"s:23:26:23:Infinity":14,"s:24:17:31:Infinity":15,"f:25:5:25:9":2,"s:25:18:29:6":16,"f:30:5:30:12":3,"s:30:20:30:42":17,"f:31:5:31:11":4,"s:31:20:31:37":18,"s:32:2:32:Infinity":19},"fnNames":{}}}
,"C:\\Users\\Andres\\Desktop\\LMS-Exam\\backend\\src\\validators\\chat.ts": {"path":"C:\\Users\\Andres\\Desktop\\LMS-Exam\\backend\\src\\validators\\chat.ts","statementMap":{"0":{"start":{"line":3,"column":15},"end":{"line":6,"column":null}},"1":{"start":{"line":4,"column":9},"end":{"line":4,"column":null}},"2":{"start":{"line":8,"column":32},"end":{"line":12,"column":null}},"3":{"start":{"line":16,"column":33},"end":{"line":21,"column":null}}},"fnMap":{"0":{"name":"(anonymous_0)","decl":{"start":{"line":3,"column":33},"end":{"line":3,"column":null}},"loc":{"start":{"line":4,"column":9},"end":{"line":4,"column":null}},"line":4}},"branchMap":{},"s":{"0":1,"1":3,"2":1,"3":1},"f":{"0":3},"b":{},"meta":{"lastBranch":0,"lastFunction":1,"lastStatement":4,"seen":{"s:3:15:6:Infinity":0,"f:3:33:3:Infinity":0,"s:4:9:4:Infinity":1,"s:8:32:12:Infinity":2,"s:16:33:21:Infinity":3},"fnNames":{}}}
}
