TN:
SF:src\models\chat.model.ts
FN:5,ensureSession
FN:11,saveMessage
FN:18,getSessionMessages
FN:24,getLastSessionId
FN:31,getUserSessions
FN:51,getRecentMessages
FN:57,archiveSession
FN:64,unarchiveSession
FN:71,deleteSession
FN:76,assertSessionOwnership
FN:86,sessionExists
FNF:11
FNH:8
FNDA:10,ensureSession
FNDA:8,saveMessage
FNDA:1,getSessionMessages
FNDA:1,getLastSessionId
FNDA:0,getUserSessions
FNDA:0,getRecentMessages
FNDA:1,archiveSession
FNDA:1,unarchiveSession
FNDA:2,deleteSession
FNDA:3,assertSessionOwnership
FNDA:0,sessionExists
DA:4,3
DA:6,10
DA:12,8
DA:13,8
DA:19,1
DA:25,1
DA:28,1
DA:32,0
DA:35,0
DA:52,0
DA:58,1
DA:59,1
DA:65,1
DA:66,1
DA:72,2
DA:73,2
DA:77,3
DA:80,3
DA:81,2
DA:82,1
DA:87,0
DA:90,0
LF:22
LH:17
BRDA:11,0,0,8
BRDA:18,1,0,1
BRDA:28,2,0,1
BRDA:28,2,1,0
BRDA:31,3,0,0
BRDA:32,4,0,0
BRDA:32,4,1,0
BRDA:51,5,0,0
BRDA:80,6,0,1
BRDA:80,6,1,2
BRDA:81,7,0,1
BRDA:81,7,1,1
BRF:12
BRH:7
end_of_record
TN:
SF:src\models\embedding-outbox.model.ts
FN:4,enqueue
FN:10,getPending
FN:23,markProcessing
FN:29,markDone
FN:35,markFailed
FN:51,countPending
FNF:6
FNH:6
FNDA:7,enqueue
FNDA:4,getPending
FNDA:6,markProcessing
FNDA:1,markDone
FNDA:2,markFailed
FNDA:1,countPending
DA:3,3
DA:5,7
DA:13,4
DA:14,4
DA:24,6
DA:30,1
DA:36,2
DA:39,2
DA:41,2
DA:42,2
DA:43,2
DA:44,2
DA:46,2
DA:52,1
LF:14
LH:14
BRDA:4,0,0,7
BRDA:10,1,0,4
BRDA:39,2,0,0
BRDA:39,2,1,2
BRDA:44,3,0,1
BRDA:44,3,1,1
BRF:6
BRH:5
end_of_record
TN:
SF:src\models\embedding.model.ts
FN:4,vectorToBlob
FN:8,blobToVector
FN:13,saveEmbedding
FN:17,(anonymous_3)
FN:28,getUserEmbeddings
FN:41,(anonymous_5)
FN:58,(anonymous_6)
FN:66,countByUser
FNF:8
FNH:7
FNDA:3,vectorToBlob
FNDA:1,blobToVector
FNDA:3,saveEmbedding
FNDA:3,(anonymous_3)
FNDA:2,getUserEmbeddings
FNDA:1,(anonymous_5)
FNDA:0,(anonymous_6)
FNDA:1,countByUser
DA:5,3
DA:9,1
DA:12,3
DA:14,3
DA:15,3
DA:17,3
DA:18,3
DA:22,3
DA:29,2
DA:31,2
DA:40,2
DA:41,1
DA:49,1
DA:58,1
DA:67,1
DA:68,1
DA:71,1
DA:73,0
DA:76,0
LF:19
LH:17
BRDA:28,0,0,2
BRDA:40,1,0,1
BRDA:40,1,1,1
BRDA:71,2,0,1
BRDA:71,2,1,0
BRF:5
BRH:4
end_of_record
TN:
SF:src\prompts\system.ts
FNF:0
FNH:0
DA:1,2
DA:33,2
DA:51,2
DA:77,2
LF:4
LH:4
BRF:0
BRH:0
end_of_record
TN:
SF:src\services\chat.service.ts
FN:26,buildContent
FN:30,sendChatMessageStream
FN:40,sendChatMessage
FNF:3
FNH:1
FNDA:6,buildContent
FNDA:0,sendChatMessageStream
FNDA:0,sendChatMessage
DA:12,2
DA:13,2
DA:14,2
DA:15,2
DA:16,2
DA:17,2
DA:19,2
DA:22,2
DA:27,6
DA:37,0
DA:47,0
LF:11
LH:9
BRF:0
BRH:0
end_of_record
TN:
SF:src\services\profile.service.ts
FN:11,profilePath
FN:15,semanticTruncate
FN:42,getProfile
FN:58,saveProfile
FN:71,appendToProfile
FN:78,resetProfile
FN:90,invalidateCache
FNF:7
FNH:0
FNDA:0,profilePath
FNDA:0,semanticTruncate
FNDA:0,getProfile
FNDA:0,saveProfile
FNDA:0,appendToProfile
FNDA:0,resetProfile
FNDA:0,invalidateCache
DA:6,2
DA:7,2
DA:9,2
DA:12,0
DA:16,0
DA:18,0
DA:21,0
DA:22,0
DA:23,0
DA:26,0
DA:30,0
DA:31,0
DA:33,0
DA:34,0
DA:38,0
DA:41,2
DA:43,0
DA:44,0
DA:46,0
DA:47,0
DA:48,0
DA:49,0
DA:50,0
DA:51,0
DA:53,0
DA:54,0
DA:59,0
DA:61,0
DA:62,0
DA:63,0
DA:65,0
DA:67,0
DA:68,0
DA:72,0
DA:73,0
DA:74,0
DA:75,0
DA:79,0
DA:80,0
DA:81,0
DA:82,0
DA:85,0
DA:87,0
DA:91,0
LF:44
LH:4
BRDA:16,0,0,0
BRDA:16,0,1,0
BRDA:26,1,0,0
BRDA:26,1,1,0
BRDA:27,2,0,0
BRDA:27,2,1,0
BRDA:28,3,0,0
BRDA:28,3,1,0
BRDA:30,4,0,0
BRDA:30,4,1,0
BRDA:44,5,0,0
BRDA:44,5,1,0
BRDA:48,6,0,0
BRDA:48,6,1,0
BRDA:62,7,0,0
BRDA:62,7,1,0
BRDA:72,8,0,0
BRDA:72,8,1,0
BRDA:81,9,0,0
BRDA:81,9,1,0
BRF:20
BRH:0
end_of_record
TN:
SF:src\services\ai\embeddings.ts
FN:9,generateEmbedding
FNF:1
FNH:0
FNDA:0,generateEmbedding
DA:10,0
DA:12,0
DA:25,0
DA:27,0
DA:28,0
DA:29,0
DA:30,0
DA:33,0
DA:34,0
DA:36,0
DA:37,0
DA:40,0
DA:41,0
LF:13
LH:0
BRDA:27,0,0,0
BRDA:27,0,1,0
BRDA:36,1,0,0
BRDA:36,1,1,0
BRDA:36,2,0,0
BRDA:36,2,1,0
BRF:6
BRH:0
end_of_record
TN:
SF:src\services\ai\index.ts
FN:26,constructor
FN:34,generateFromAI
FN:57,(anonymous_2)
FN:61,(anonymous_3)
FNF:4
FNH:0
FNDA:0,constructor
FNDA:0,generateFromAI
FNDA:0,(anonymous_2)
FNDA:0,(anonymous_3)
DA:12,2
DA:19,2
DA:20,2
DA:27,0
DA:28,0
DA:29,0
DA:30,0
DA:41,0
DA:43,0
DA:44,0
DA:49,0
DA:50,0
DA:51,0
DA:52,0
DA:55,0
DA:56,0
DA:57,0
DA:59,0
DA:60,0
DA:61,0
DA:62,0
DA:65,0
DA:66,0
DA:74,0
DA:83,0
DA:84,0
DA:86,0
DA:87,0
DA:90,0
DA:92,0
DA:93,0
DA:95,0
DA:96,0
DA:99,0
DA:100,0
DA:102,0
DA:103,0
DA:104,0
DA:105,0
DA:107,0
DA:108,0
DA:109,0
DA:110,0
DA:111,0
DA:112,0
DA:114,0
DA:115,0
DA:118,0
DA:119,0
DA:120,0
DA:125,0
LF:51
LH:3
BRDA:38,0,0,0
BRDA:43,1,0,0
BRDA:43,1,1,0
BRDA:50,2,0,0
BRDA:50,2,1,0
BRDA:55,3,0,0
BRDA:55,3,1,0
BRDA:60,4,0,0
BRDA:60,4,1,0
BRDA:60,5,0,0
BRDA:60,5,1,0
BRDA:83,6,0,0
BRDA:83,6,1,0
BRDA:83,7,0,0
BRDA:83,7,1,0
BRDA:86,8,0,0
BRDA:86,8,1,0
BRDA:92,9,0,0
BRDA:92,9,1,0
BRDA:92,10,0,0
BRDA:92,10,1,0
BRDA:95,11,0,0
BRDA:95,11,1,0
BRDA:103,12,0,0
BRDA:103,12,1,0
BRDA:107,13,0,0
BRDA:107,13,1,0
BRDA:109,14,0,0
BRDA:109,14,1,0
BRDA:109,15,0,0
BRDA:109,15,1,0
BRDA:111,16,0,0
BRDA:111,16,1,0
BRDA:119,17,0,0
BRDA:119,17,1,0
BRDA:125,18,0,0
BRDA:125,18,1,0
BRF:37
BRH:0
end_of_record
TN:
SF:src\services\ai\nineRouter.ts
FN:44,fetchAvailableModels
FN:56,(anonymous_1)
FN:70,parseNineRouterStream
FN:96,callNineRouterStream
FN:144,callNineRouter
FN:223,generateEmbedding
FNF:6
FNH:0
FNDA:0,fetchAvailableModels
FNDA:0,(anonymous_1)
FNDA:0,parseNineRouterStream
FNDA:0,callNineRouterStream
FNDA:0,callNineRouter
FNDA:0,generateEmbedding
DA:18,2
DA:19,2
DA:20,2
DA:41,2
DA:42,2
DA:45,0
DA:46,0
DA:48,0
DA:49,0
DA:50,0
DA:51,0
DA:54,0
DA:55,0
DA:56,0
DA:61,0
DA:62,0
DA:63,0
DA:65,0
DA:66,0
DA:71,0
DA:72,0
DA:73,0
DA:74,0
DA:75,0
DA:76,0
DA:77,0
DA:78,0
DA:79,0
DA:80,0
DA:81,0
DA:82,0
DA:83,0
DA:84,0
DA:85,0
DA:86,0
DA:87,0
DA:88,0
DA:89,0
DA:101,0
DA:102,0
DA:103,0
DA:105,0
DA:109,0
DA:119,0
DA:120,0
DA:123,0
DA:125,0
DA:135,0
DA:136,0
DA:137,0
DA:138,0
DA:141,0
DA:150,0
DA:151,0
DA:152,0
DA:154,0
DA:158,0
DA:167,0
DA:168,0
DA:171,0
DA:172,0
DA:175,0
DA:176,0
DA:178,0
DA:188,0
DA:190,0
DA:191,0
DA:192,0
DA:193,0
DA:196,0
DA:198,0
DA:199,0
DA:200,0
DA:202,0
DA:205,0
DA:206,0
DA:208,0
DA:214,0
DA:224,0
DA:226,0
DA:239,0
DA:241,0
DA:242,0
DA:243,0
DA:244,0
DA:247,0
DA:248,0
DA:250,0
DA:251,0
DA:254,0
DA:255,0
LF:91
LH:5
BRDA:19,0,0,2
BRDA:19,0,1,0
BRDA:20,1,0,2
BRDA:20,1,1,0
BRDA:46,2,0,0
BRDA:46,2,1,0
BRDA:46,3,0,0
BRDA:46,3,1,0
BRDA:49,4,0,0
BRDA:49,4,1,0
BRDA:50,5,0,0
BRDA:50,5,1,0
BRDA:54,6,0,0
BRDA:54,6,1,0
BRDA:58,7,0,0
BRDA:58,7,1,0
BRDA:76,8,0,0
BRDA:76,8,1,0
BRDA:79,9,0,0
BRDA:79,9,1,0
BRDA:82,10,0,0
BRDA:82,10,1,0
BRDA:82,11,0,0
BRDA:82,11,1,0
BRDA:83,12,0,0
BRDA:83,12,1,0
BRDA:87,13,0,0
BRDA:87,13,1,0
BRDA:89,14,0,0
BRDA:89,14,1,0
BRDA:101,15,0,0
BRDA:101,15,1,0
BRDA:102,16,0,0
BRDA:102,16,1,0
BRDA:103,17,0,0
BRDA:103,17,1,0
BRDA:105,18,0,0
BRDA:105,18,1,0
BRDA:115,19,0,0
BRDA:115,19,1,0
BRDA:119,20,0,0
BRDA:119,20,1,0
BRDA:135,21,0,0
BRDA:135,21,1,0
BRDA:147,22,0,0
BRDA:150,23,0,0
BRDA:150,23,1,0
BRDA:151,24,0,0
BRDA:151,24,1,0
BRDA:152,25,0,0
BRDA:152,25,1,0
BRDA:154,26,0,0
BRDA:154,26,1,0
BRDA:164,27,0,0
BRDA:164,27,1,0
BRDA:167,28,0,0
BRDA:167,28,1,0
BRDA:171,29,0,0
BRDA:171,29,1,0
BRDA:190,30,0,0
BRDA:190,30,1,0
BRDA:205,31,0,0
BRDA:205,31,1,0
BRDA:206,32,0,0
BRDA:206,32,1,0
BRDA:217,33,0,0
BRDA:217,33,1,0
BRDA:218,34,0,0
BRDA:218,34,1,0
BRDA:241,35,0,0
BRDA:241,35,1,0
BRDA:250,36,0,0
BRDA:250,36,1,0
BRDA:250,37,0,0
BRDA:250,37,1,0
BRF:75
BRH:2
end_of_record
TN:
SF:src\services\chat\chat.completion.service.ts
FN:13,constructor
FN:22,execute
FN:45,(anonymous_2)
FN:53,(anonymous_3)
FNF:4
FNH:1
FNDA:2,constructor
FNDA:0,execute
FNDA:0,(anonymous_2)
FNDA:0,(anonymous_3)
DA:10,2
DA:14,2
DA:15,2
DA:16,2
DA:17,2
DA:18,2
DA:19,2
DA:29,0
DA:30,0
DA:32,0
DA:39,0
DA:41,0
DA:43,0
DA:45,0
DA:46,0
DA:49,0
DA:50,0
DA:52,0
DA:53,0
DA:55,0
DA:56,0
DA:64,0
DA:66,0
DA:68,0
DA:70,0
LF:25
LH:7
BRDA:35,0,0,0
BRDA:35,0,1,0
BRDA:36,1,0,0
BRDA:36,1,1,0
BRDA:43,2,0,0
BRDA:43,2,1,0
BRF:6
BRH:0
end_of_record
TN:
SF:src\services\chat\chat.embedding.service.ts
FN:9,generate
FN:18,generateAndSave
FNF:2
FNH:0
FNDA:0,generate
FNDA:0,generateAndSave
DA:10,0
DA:11,0
DA:13,0
DA:14,0
DA:20,0
DA:22,0
DA:23,0
DA:24,0
DA:25,0
DA:26,0
DA:28,0
DA:30,0
DA:32,0
DA:34,0
LF:14
LH:0
BRDA:20,0,0,0
BRDA:20,0,1,0
BRDA:23,1,0,0
BRDA:23,1,1,0
BRDA:26,2,0,0
BRDA:26,2,1,0
BRDA:30,3,0,0
BRDA:30,3,1,0
BRF:8
BRH:0
end_of_record
TN:
SF:src\services\chat\chat.model-router.ts
FN:13,resolve
FN:18,(anonymous_1)
FN:23,validateMultimodal
FNF:3
FNH:0
FNDA:0,resolve
FNDA:0,(anonymous_1)
FNDA:0,validateMultimodal
DA:10,2
DA:14,0
DA:15,0
DA:18,0
DA:24,0
DA:25,0
LF:6
LH:1
BRDA:14,0,0,0
BRDA:14,0,1,0
BRDA:17,1,0,0
BRDA:17,1,1,0
BRDA:24,2,0,0
BRDA:24,2,1,0
BRDA:24,3,0,0
BRDA:24,3,1,0
BRDA:24,3,2,0
BRF:9
BRH:0
end_of_record
TN:
SF:src\services\chat\chat.persistence.service.ts
FN:6,saveUserMessage
FN:10,saveAssistantMessage
FN:14,saveUserMessageWithOutbox
FN:22,saveAssistantMessageWithOutbox
FN:29,getSessionMessages
FNF:5
FNH:0
FNDA:0,saveUserMessage
FNDA:0,saveAssistantMessage
FNDA:0,saveUserMessageWithOutbox
FNDA:0,saveAssistantMessageWithOutbox
FNDA:0,getSessionMessages
DA:7,0
DA:11,0
DA:15,0
DA:16,0
DA:17,0
DA:18,0
DA:19,0
DA:23,0
DA:24,0
DA:25,0
DA:26,0
DA:30,0
LF:12
LH:0
BRF:0
BRH:0
end_of_record
TN:
SF:src\services\chat\chat.profile-detection.service.ts
FN:8,isProfileEditIntent
FN:27,detectAndApply
FNF:2
FNH:1
FNDA:18,isProfileEditIntent
FNDA:0,detectAndApply
DA:6,2
DA:9,18
DA:12,2
DA:28,0
DA:30,0
DA:31,0
DA:43,0
DA:44,0
DA:45,0
DA:46,0
DA:47,0
DA:48,0
DA:50,0
DA:54,0
DA:57,0
LF:15
LH:3
BRDA:28,0,0,0
BRDA:28,0,1,0
BRDA:44,1,0,0
BRDA:44,1,1,0
BRDA:44,2,0,0
BRDA:44,2,1,0
BRF:6
BRH:0
end_of_record
TN:
SF:src\services\chat\chat.prompt.service.ts
FN:11,buildSystemPrompt
FN:25,buildContent
FNF:2
FNH:1
FNDA:0,buildSystemPrompt
FNDA:6,buildContent
DA:12,0
DA:14,0
DA:15,0
DA:16,0
DA:19,0
DA:20,0
DA:22,0
DA:26,6
DA:28,6
DA:29,4
DA:30,6
DA:31,2
DA:32,4
DA:33,2
DA:34,2
DA:35,2
DA:40,6
LF:17
LH:10
BRDA:15,0,0,0
BRDA:15,0,1,0
BRDA:19,1,0,0
BRDA:19,1,1,0
BRDA:28,2,0,4
BRDA:28,2,1,2
BRDA:28,3,0,6
BRDA:28,3,1,5
BRDA:30,4,0,2
BRDA:30,4,1,4
BRDA:32,5,0,2
BRDA:32,5,1,2
BRDA:34,6,0,2
BRDA:34,6,1,0
BRF:14
BRH:9
end_of_record
TN:
SF:src\services\chat\chat.rag.service.ts
FN:9,buildContext
FN:12,(anonymous_1)
FN:25,(anonymous_2)
FNF:3
FNH:0
FNDA:0,buildContext
FNDA:0,(anonymous_1)
FNDA:0,(anonymous_2)
DA:5,2
DA:6,2
DA:10,0
DA:11,0
DA:12,0
DA:14,0
DA:16,0
DA:17,0
DA:23,0
DA:25,0
DA:26,0
DA:27,0
DA:30,0
DA:32,0
DA:33,0
LF:15
LH:2
BRDA:14,0,0,0
BRDA:14,0,1,0
BRDA:20,1,0,0
BRDA:20,1,1,0
BRDA:21,2,0,0
BRDA:21,2,1,0
BRDA:23,3,0,0
BRDA:23,3,1,0
BRDA:26,4,0,0
BRDA:26,4,1,0
BRF:10
BRH:0
end_of_record
TN:
SF:src\services\chat\chat.streaming.service.ts
FN:13,constructor
FN:22,execute
FN:38,(anonymous_2)
FN:46,(anonymous_3)
FN:60,persistedStream
FNF:5
FNH:1
FNDA:2,constructor
FNDA:0,execute
FNDA:0,(anonymous_2)
FNDA:0,(anonymous_3)
FNDA:0,persistedStream
DA:10,2
DA:14,2
DA:15,2
DA:16,2
DA:17,2
DA:18,2
DA:19,2
DA:29,0
DA:30,0
DA:32,0
DA:34,0
DA:36,0
DA:38,0
DA:39,0
DA:42,0
DA:43,0
DA:45,0
DA:46,0
DA:49,0
DA:50,0
DA:53,0
DA:55,0
DA:58,0
DA:61,0
DA:62,0
DA:63,0
DA:64,0
DA:65,0
DA:67,0
DA:70,0
DA:71,0
DA:76,0
LF:32
LH:7
BRDA:36,0,0,0
BRDA:36,0,1,0
BRDA:64,1,0,0
BRDA:64,1,1,0
BRDA:70,2,0,0
BRDA:70,2,1,0
BRF:6
BRH:0
end_of_record
TN:
SF:src\utils\logger.ts
FN:25,(anonymous_0)
FNF:1
FNH:0
FNDA:0,(anonymous_0)
DA:7,2
DA:8,2
DA:9,2
DA:11,2
DA:20,2
DA:26,0
DA:27,0
DA:32,2
LF:8
LH:6
BRDA:21,0,0,0
BRDA:21,0,1,2
BRDA:26,1,0,0
BRDA:26,1,1,0
BRDA:33,2,0,0
BRDA:33,2,1,2
BRF:6
BRH:2
end_of_record
TN:
SF:src\utils\vector.ts
FN:3,cosineSimilarity
FN:17,findTopK
FN:25,(anonymous_2)
FN:30,(anonymous_3)
FN:31,(anonymous_4)
FNF:5
FNH:5
FNDA:16,cosineSimilarity
FNDA:5,findTopK
FNDA:11,(anonymous_2)
FNDA:11,(anonymous_3)
FNDA:4,(anonymous_4)
DA:1,3
DA:4,16
DA:6,15
DA:7,15
DA:8,32
DA:9,32
DA:10,32
DA:13,15
DA:14,15
DA:23,5
DA:24,4
DA:25,11
DA:30,11
DA:31,4
DA:32,4
LF:15
LH:15
BRDA:1,0,0,3
BRDA:1,0,1,3
BRDA:4,1,0,1
BRDA:4,1,1,15
BRDA:14,2,0,1
BRDA:14,2,1,14
BRDA:21,3,0,5
BRDA:23,4,0,1
BRDA:23,4,1,4
BRF:9
BRH:9
end_of_record
TN:
SF:src\validators\chat.ts
FN:3,(anonymous_0)
FNF:1
FNH:1
FNDA:3,(anonymous_0)
DA:3,1
DA:4,3
DA:8,1
DA:16,1
LF:4
LH:4
BRF:0
BRH:0
end_of_record
